Base path: /Applications/Unity/Unity.app/Contents
Pipe name: \\.\pipe\UnityShaderCompiler-64bit-3-171110400
Cmd: getPlatforms
Cmd: compileSnippet
  api=0 type=0 insize=7342 outsize=3730 kw=DIRECTIONAL SHADOWS_OFF LIGHTMAP_OFF DIRLIGHTMAP_COMBINED DYNAMICLIGHTMAP_ON VERTEXLIGHT_ON pd= ok=1
Cmd: compileSnippet
  api=0 type=1 insize=7342 outsize=6 kw=DIRECTIONAL SHADOWS_OFF LIGHTMAP_OFF DIRLIGHTMAP_COMBINED DYNAMICLIGHTMAP_ON pd= ok=1
Cmd: compileSnippet
  api=0 type=0 insize=4779 outsize=3381 kw=SPOT pd= ok=1
Cmd: compileSnippet
  api=0 type=1 insize=4779 outsize=6 kw=POINT_COOKIE pd= ok=1
Cmd: compileSnippet
  api=0 type=0 insize=6352 outsize=3160 kw=LIGHTMAP_OFF DIRLIGHTMAP_COMBINED DYNAMICLIGHTMAP_ON UNITY_HDR_ON pd= ok=1
Cmd: compileSnippet
  api=0 type=1 insize=6352 outsize=6 kw=LIGHTMAP_OFF DIRLIGHTMAP_COMBINED DYNAMICLIGHTMAP_ON UNITY_HDR_ON pd= ok=1
Cmd: compileSnippet
  api=0 type=1 insize=7251 outsize=6 kw=LIGHTMAP_OFF DIRLIGHTMAP_COMBINED DYNAMICLIGHTMAP_ON HDR_LIGHT_PREPASS_OFF pd= ok=1
Cmd: compileSnippet
  api=0 type=0 insize=6816 outsize=3488 kw=DIRECTIONAL LIGHTMAP_OFF DIRLIGHTMAP_OFF DYNAMICLIGHTMAP_OFF VERTEXLIGHT_ON pd= ok=1
Cmd: compileSnippet
  api=0 type=0 insize=3588 outsize=1672 kw=DIRECTIONAL_COOKIE pd= ok=1
Cmd: compileSnippet
  api=0 type=1 insize=3588 outsize=6 kw=SPOT pd= ok=1
Cmd: compileSnippet
  api=0 type=0 insize=4587 outsize=3435 kw=SPOT pd= ok=1
Cmd: compileSnippet
  api=0 type=0 insize=982 outsize=11501 kw=DIRECTIONAL SHADOWS_OFF LIGHTMAP_OFF DIRLIGHTMAP_COMBINED DYNAMICLIGHTMAP_ON VERTEXLIGHT_ON _NORMALMAP pd= ok=1
Cmd: compileSnippet
  api=0 type=0 insize=982 outsize=13323 kw=DIRECTIONAL SHADOWS_SCREEN LIGHTMAP_OFF DIRLIGHTMAP_OFF DYNAMICLIGHTMAP_OFF VERTEXLIGHT_ON _NORMALMAP pd= ok=1
Cmd: compileSnippet
  api=0 type=1 insize=982 outsize=6 kw=DIRECTIONAL SHADOWS_SCREEN LIGHTMAP_OFF DIRLIGHTMAP_OFF DYNAMICLIGHTMAP_OFF _NORMALMAP pd= ok=1
Cmd: compileSnippet
  api=0 type=0 insize=938 outsize=6691 kw=SPOT SHADOWS_OFF _NORMALMAP pd= ok=1
Cmd: compileSnippet
  api=0 type=0 insize=938 outsize=7286 kw=POINT SHADOWS_CUBE _NORMALMAP pd= ok=1
Cmd: compileSnippet
  api=0 type=0 insize=938 outsize=8359 kw=POINT_COOKIE SHADOWS_CUBE SHADOWS_SOFT _NORMALMAP pd= ok=1
Cmd: compileSnippet
  api=0 type=1 insize=938 outsize=6 kw=SPOT SHADOWS_OFF _NORMALMAP pd= ok=1
Cmd: compileSnippet
  api=0 type=1 insize=938 outsize=6 kw=DIRECTIONAL_COOKIE SHADOWS_SCREEN _NORMALMAP pd= ok=1
Cmd: compileSnippet
  api=0 type=1 insize=938 outsize=6 kw=SPOT SHADOWS_DEPTH SHADOWS_SOFT SHADOWS_NATIVE _NORMALMAP pd= ok=1
Cmd: compileSnippet
  api=0 type=0 insize=1152 outsize=5683 kw=LIGHTMAP_OFF DIRLIGHTMAP_COMBINED DYNAMICLIGHTMAP_OFF UNITY_HDR_ON _NORMALMAP pd= ok=1
Cmd: compileSnippet
  api=0 type=1 insize=1152 outsize=6 kw=LIGHTMAP_OFF DIRLIGHTMAP_COMBINED DYNAMICLIGHTMAP_OFF UNITY_HDR_ON _NORMALMAP pd= ok=1
Cmd: compileSnippet
  api=0 type=0 insize=886 outsize=8227 kw=DIRECTIONAL SHADOWS_SCREEN LIGHTMAP_OFF DIRLIGHTMAP_OFF DYNAMICLIGHTMAP_OFF VERTEXLIGHT_ON _NORMALMAP pd= ok=1
Cmd: compileSnippet
  api=0 type=1 insize=886 outsize=6 kw=DIRECTIONAL SHADOWS_SCREEN LIGHTMAP_OFF DIRLIGHTMAP_OFF DYNAMICLIGHTMAP_OFF _NORMALMAP pd= ok=1
Cmd: compileSnippet
  api=0 type=0 insize=816 outsize=4861 kw=DIRECTIONAL SHADOWS_OFF _NORMALMAP pd= ok=1
Cmd: compileSnippet
  api=0 type=0 insize=816 outsize=5095 kw=DIRECTIONAL_COOKIE SHADOWS_OFF _NORMALMAP pd= ok=1
Cmd: compileSnippet
  api=0 type=0 insize=816 outsize=5901 kw=POINT SHADOWS_CUBE _NORMALMAP pd= ok=1
Cmd: compileSnippet
  api=0 type=1 insize=816 outsize=6 kw=DIRECTIONAL SHADOWS_OFF _NORMALMAP pd= ok=1
Cmd: compileSnippet
  api=0 type=1 insize=816 outsize=6 kw=SPOT SHADOWS_DEPTH SHADOWS_NATIVE _NORMALMAP pd= ok=1
Cmd: compileSnippet
  api=0 type=0 insize=4652 outsize=3506 kw=SPOT pd= ok=1
Cmd: compileSnippet
  api=0 type=1 insize=797 outsize=6 kw=SHADOWS_CUBE pd= ok=1
Cmd: compileSnippet
  api=0 type=0 insize=794 outsize=1090 kw=SHADOWS_CUBE pd= ok=1
Cmd: compileSnippet
  api=0 type=1 insize=1004 outsize=6 kw=SHADOWS_CUBE pd= ok=1
Cmd: compileSnippet
  api=0 type=1 insize=4070 outsize=6 kw=POINT pd= ok=1
Cmd: compileSnippet
  api=0 type=0 insize=450584 outsize=11134 kw=DIRECTIONAL SHADOWS_SCREEN LIGHTMAP_OFF DIRLIGHTMAP_OFF DYNAMICLIGHTMAP_OFF VERTEXLIGHT_ON GEOM_TYPE_BRANCH pd= ok=1
Cmd: compileSnippet
  api=0 type=0 insize=450584 outsize=11808 kw=DIRECTIONAL SHADOWS_SCREEN LIGHTMAP_OFF DIRLIGHTMAP_OFF DYNAMICLIGHTMAP_OFF VERTEXLIGHT_ON EFFECT_HUE_VARIATION GEOM_TYPE_BRANCH pd= ok=1
Cmd: compileSnippet
  api=0 type=0 insize=450584 outsize=10381 kw=DIRECTIONAL SHADOWS_OFF LIGHTMAP_OFF DIRLIGHTMAP_OFF DYNAMICLIGHTMAP_OFF GEOM_TYPE_FROND pd= ok=1
Cmd: compileSnippet
  api=0 type=0 insize=450584 outsize=11618 kw=DIRECTIONAL SHADOWS_OFF LIGHTMAP_OFF DIRLIGHTMAP_OFF DYNAMICLIGHTMAP_OFF VERTEXLIGHT_ON GEOM_TYPE_FROND pd= ok=1
Cmd: compileSnippet
  api=0 type=0 insize=450584 outsize=12301 kw=DIRECTIONAL SHADOWS_OFF LIGHTMAP_OFF DIRLIGHTMAP_OFF DYNAMICLIGHTMAP_OFF VERTEXLIGHT_ON EFFECT_HUE_VARIATION GEOM_TYPE_FROND pd= ok=1
Cmd: compileSnippet
  api=0 type=0 insize=450584 outsize=14090 kw=DIRECTIONAL SHADOWS_SCREEN LIGHTMAP_OFF DIRLIGHTMAP_OFF DYNAMICLIGHTMAP_OFF VERTEXLIGHT_ON EFFECT_BUMP EFFECT_HUE_VARIATION GEOM_TYPE_FROND pd= ok=1
Cmd: compileSnippet
  api=0 type=0 insize=450584 outsize=19234 kw=DIRECTIONAL SHADOWS_SCREEN LIGHTMAP_OFF DIRLIGHTMAP_OFF DYNAMICLIGHTMAP_OFF VERTEXLIGHT_ON GEOM_TYPE_LEAF pd= ok=1
Cmd: compileSnippet
  api=0 type=0 insize=450584 outsize=19917 kw=DIRECTIONAL SHADOWS_SCREEN LIGHTMAP_OFF DIRLIGHTMAP_OFF DYNAMICLIGHTMAP_OFF VERTEXLIGHT_ON EFFECT_HUE_VARIATION GEOM_TYPE_LEAF pd= ok=1
Cmd: compileSnippet
  api=0 type=0 insize=450584 outsize=9528 kw=DIRECTIONAL SHADOWS_OFF LIGHTMAP_OFF DIRLIGHTMAP_OFF DYNAMICLIGHTMAP_OFF LOD_FADE_PERCENTAGE GEOM_TYPE_BRANCH pd= ok=1
Cmd: compileSnippet
  api=0 type=0 insize=450584 outsize=11241 kw=DIRECTIONAL SHADOWS_SCREEN LIGHTMAP_OFF DIRLIGHTMAP_OFF DYNAMICLIGHTMAP_OFF VERTEXLIGHT_ON LOD_FADE_PERCENTAGE GEOM_TYPE_BRANCH pd= ok=1
Cmd: compileSnippet
  api=0 type=0 insize=450584 outsize=11915 kw=DIRECTIONAL SHADOWS_SCREEN LIGHTMAP_OFF DIRLIGHTMAP_OFF DYNAMICLIGHTMAP_OFF VERTEXLIGHT_ON LOD_FADE_PERCENTAGE EFFECT_HUE_VARIATION GEOM_TYPE_BRANCH pd= ok=1
Cmd: compileSnippet
  api=0 type=0 insize=450584 outsize=10963 kw=DIRECTIONAL SHADOWS_SCREEN LIGHTMAP_OFF DIRLIGHTMAP_OFF DYNAMICLIGHTMAP_OFF LOD_FADE_PERCENTAGE GEOM_TYPE_FROND pd= ok=1
Cmd: compileSnippet
  api=0 type=0 insize=450584 outsize=11646 kw=DIRECTIONAL SHADOWS_SCREEN LIGHTMAP_OFF DIRLIGHTMAP_OFF DYNAMICLIGHTMAP_OFF LOD_FADE_PERCENTAGE EFFECT_HUE_VARIATION GEOM_TYPE_FROND pd= ok=1
Cmd: compileSnippet
  api=0 type=0 insize=450584 outsize=14194 kw=DIRECTIONAL SHADOWS_SCREEN LIGHTMAP_OFF DIRLIGHTMAP_OFF DYNAMICLIGHTMAP_OFF VERTEXLIGHT_ON LOD_FADE_PERCENTAGE EFFECT_BUMP EFFECT_HUE_VARIATION GEOM_TYPE_FROND pd= ok=1
Cmd: compileSnippet
  api=0 type=0 insize=450584 outsize=19633 kw=DIRECTIONAL SHADOWS_SCREEN LIGHTMAP_OFF DIRLIGHTMAP_OFF DYNAMICLIGHTMAP_OFF VERTEXLIGHT_ON LOD_FADE_PERCENTAGE GEOM_TYPE_LEAF pd= ok=1
Cmd: compileSnippet
  api=0 type=0 insize=450584 outsize=20316 kw=DIRECTIONAL SHADOWS_SCREEN LIGHTMAP_OFF DIRLIGHTMAP_OFF DYNAMICLIGHTMAP_OFF VERTEXLIGHT_ON LOD_FADE_PERCENTAGE EFFECT_HUE_VARIATION GEOM_TYPE_LEAF pd= ok=1
Cmd: compileSnippet
  api=0 type=0 insize=450584 outsize=10772 kw=DIRECTIONAL SHADOWS_SCREEN LIGHTMAP_OFF DIRLIGHTMAP_OFF DYNAMICLIGHTMAP_OFF LOD_FADE_CROSSFADE GEOM_TYPE_BRANCH pd= ok=1
Cmd: compileSnippet
  api=0 type=0 insize=450584 outsize=11456 kw=DIRECTIONAL SHADOWS_SCREEN LIGHTMAP_OFF DIRLIGHTMAP_OFF DYNAMICLIGHTMAP_OFF LOD_FADE_CROSSFADE EFFECT_HUE_VARIATION GEOM_TYPE_BRANCH pd= ok=1
Cmd: compileSnippet
  api=0 type=0 insize=450584 outsize=13560 kw=DIRECTIONAL SHADOWS_OFF LIGHTMAP_OFF DIRLIGHTMAP_OFF DYNAMICLIGHTMAP_OFF VERTEXLIGHT_ON LOD_FADE_CROSSFADE EFFECT_BUMP EFFECT_HUE_VARIATION GEOM_TYPE_BRANCH pd= ok=1
Cmd: compileSnippet
  api=0 type=0 insize=450584 outsize=12534 kw=DIRECTIONAL SHADOWS_OFF LIGHTMAP_OFF DIRLIGHTMAP_OFF DYNAMICLIGHTMAP_OFF VERTEXLIGHT_ON LOD_FADE_CROSSFADE GEOM_TYPE_FROND pd= ok=1
Cmd: compileSnippet
  api=0 type=0 insize=450584 outsize=13218 kw=DIRECTIONAL SHADOWS_OFF LIGHTMAP_OFF DIRLIGHTMAP_OFF DYNAMICLIGHTMAP_OFF VERTEXLIGHT_ON LOD_FADE_CROSSFADE EFFECT_HUE_VARIATION GEOM_TYPE_FROND pd= ok=1
Cmd: compileSnippet
  api=0 type=0 insize=450584 outsize=14531 kw=DIRECTIONAL SHADOWS_OFF LIGHTMAP_OFF DIRLIGHTMAP_OFF DYNAMICLIGHTMAP_OFF VERTEXLIGHT_ON LOD_FADE_CROSSFADE EFFECT_BUMP EFFECT_HUE_VARIATION GEOM_TYPE_FROND pd= ok=1
Cmd: compileSnippet
  api=0 type=0 insize=450584 outsize=19692 kw=DIRECTIONAL SHADOWS_OFF LIGHTMAP_OFF DIRLIGHTMAP_OFF DYNAMICLIGHTMAP_OFF VERTEXLIGHT_ON LOD_FADE_CROSSFADE GEOM_TYPE_LEAF pd= ok=1
Cmd: compileSnippet
  api=0 type=0 insize=450584 outsize=20376 kw=DIRECTIONAL SHADOWS_OFF LIGHTMAP_OFF DIRLIGHTMAP_OFF DYNAMICLIGHTMAP_OFF VERTEXLIGHT_ON LOD_FADE_CROSSFADE EFFECT_HUE_VARIATION GEOM_TYPE_LEAF pd= ok=1
Cmd: compileSnippet
  api=0 type=0 insize=450584 outsize=22191 kw=DIRECTIONAL SHADOWS_SCREEN LIGHTMAP_OFF DIRLIGHTMAP_OFF DYNAMICLIGHTMAP_OFF VERTEXLIGHT_ON LOD_FADE_CROSSFADE EFFECT_BUMP EFFECT_HUE_VARIATION GEOM_TYPE_LEAF pd= ok=1
Cmd: compileSnippet
  api=0 type=1 insize=450584 outsize=6 kw=DIRECTIONAL SHADOWS_SCREEN LIGHTMAP_OFF DIRLIGHTMAP_OFF DYNAMICLIGHTMAP_OFF EFFECT_HUE_VARIATION GEOM_TYPE_BRANCH pd= ok=1
Cmd: compileSnippet
  api=0 type=1 insize=450584 outsize=6 kw=DIRECTIONAL SHADOWS_OFF LIGHTMAP_OFF DIRLIGHTMAP_OFF DYNAMICLIGHTMAP_OFF GEOM_TYPE_FROND pd= ok=1
Cmd: compileSnippet
  api=0 type=1 insize=450584 outsize=6 kw=DIRECTIONAL SHADOWS_SCREEN LIGHTMAP_OFF DIRLIGHTMAP_OFF DYNAMICLIGHTMAP_OFF EFFECT_HUE_VARIATION GEOM_TYPE_FROND pd= ok=1
Cmd: compileSnippet
  api=0 type=1 insize=450584 outsize=6 kw=DIRECTIONAL SHADOWS_OFF LIGHTMAP_OFF DIRLIGHTMAP_OFF DYNAMICLIGHTMAP_OFF LOD_FADE_PERCENTAGE GEOM_TYPE_BRANCH pd= ok=1
Cmd: compileSnippet
  api=0 type=1 insize=450584 outsize=6 kw=DIRECTIONAL SHADOWS_OFF LIGHTMAP_OFF DIRLIGHTMAP_OFF DYNAMICLIGHTMAP_OFF LOD_FADE_PERCENTAGE GEOM_TYPE_FROND pd= ok=1
Cmd: compileSnippet
  api=0 type=1 insize=450584 outsize=6 kw=DIRECTIONAL SHADOWS_OFF LIGHTMAP_OFF DIRLIGHTMAP_OFF DYNAMICLIGHTMAP_OFF LOD_FADE_PERCENTAGE GEOM_TYPE_LEAF pd= ok=1
Cmd: compileSnippet
  api=0 type=1 insize=450584 outsize=6 kw=DIRECTIONAL SHADOWS_OFF LIGHTMAP_OFF DIRLIGHTMAP_OFF DYNAMICLIGHTMAP_OFF LOD_FADE_CROSSFADE GEOM_TYPE_BRANCH pd= ok=1
Cmd: compileSnippet
  api=0 type=1 insize=450584 outsize=6 kw=DIRECTIONAL SHADOWS_SCREEN LIGHTMAP_OFF DIRLIGHTMAP_OFF DYNAMICLIGHTMAP_OFF LOD_FADE_CROSSFADE EFFECT_HUE_VARIATION GEOM_TYPE_BRANCH pd= ok=1
Cmd: compileSnippet
  api=0 type=1 insize=450584 outsize=6 kw=DIRECTIONAL SHADOWS_SCREEN LIGHTMAP_OFF DIRLIGHTMAP_OFF DYNAMICLIGHTMAP_OFF LOD_FADE_CROSSFADE GEOM_TYPE_FROND pd= ok=1
Cmd: compileSnippet
  api=0 type=1 insize=450584 outsize=6 kw=DIRECTIONAL SHADOWS_OFF LIGHTMAP_OFF DIRLIGHTMAP_OFF DYNAMICLIGHTMAP_OFF LOD_FADE_CROSSFADE GEOM_TYPE_LEAF pd= ok=1
Cmd: compileSnippet
  api=0 type=1 insize=450584 outsize=6 kw=DIRECTIONAL SHADOWS_SCREEN LIGHTMAP_OFF DIRLIGHTMAP_OFF DYNAMICLIGHTMAP_OFF LOD_FADE_CROSSFADE EFFECT_BUMP EFFECT_HUE_VARIATION GEOM_TYPE_LEAF pd= ok=1
Cmd: compileSnippet
  api=0 type=0 insize=287544 outsize=8956 kw=POINT_COOKIE GEOM_TYPE_BRANCH pd= ok=1
Cmd: compileSnippet
  api=0 type=0 insize=287544 outsize=8773 kw=DIRECTIONAL_COOKIE GEOM_TYPE_BRANCH pd= ok=1
Cmd: compileSnippet
  api=0 type=0 insize=287544 outsize=9625 kw=POINT_COOKIE EFFECT_HUE_VARIATION GEOM_TYPE_BRANCH pd= ok=1
Cmd: compileSnippet
  api=0 type=0 insize=287544 outsize=10937 kw=POINT_COOKIE EFFECT_BUMP EFFECT_HUE_VARIATION GEOM_TYPE_BRANCH pd= ok=1
Cmd: compileSnippet
  api=0 type=0 insize=287544 outsize=9972 kw=SPOT GEOM_TYPE_FROND pd= ok=1
Cmd: compileSnippet
  api=0 type=0 insize=287544 outsize=10171 kw=DIRECTIONAL EFFECT_HUE_VARIATION GEOM_TYPE_FROND pd= ok=1
Cmd: compileSnippet
  api=0 type=0 insize=287544 outsize=11822 kw=POINT EFFECT_BUMP EFFECT_HUE_VARIATION GEOM_TYPE_FROND pd= ok=1
Cmd: compileSnippet
  api=0 type=0 insize=287544 outsize=16919 kw=POINT GEOM_TYPE_LEAF pd= ok=1
Cmd: compileSnippet
  api=0 type=0 insize=287544 outsize=16819 kw=DIRECTIONAL_COOKIE GEOM_TYPE_LEAF pd= ok=1
Cmd: compileSnippet
  api=0 type=0 insize=287544 outsize=17680 kw=POINT_COOKIE EFFECT_HUE_VARIATION GEOM_TYPE_LEAF pd= ok=1
Cmd: compileSnippet
  api=0 type=0 insize=287544 outsize=18997 kw=POINT_COOKIE EFFECT_BUMP EFFECT_HUE_VARIATION GEOM_TYPE_LEAF pd= ok=1
Cmd: compileSnippet
  api=0 type=0 insize=287544 outsize=8880 kw=DIRECTIONAL_COOKIE LOD_FADE_PERCENTAGE GEOM_TYPE_BRANCH pd= ok=1
Cmd: compileSnippet
  api=0 type=0 insize=287544 outsize=9732 kw=POINT_COOKIE LOD_FADE_PERCENTAGE EFFECT_HUE_VARIATION GEOM_TYPE_BRANCH pd= ok=1
Cmd: compileSnippet
  api=0 type=0 insize=287544 outsize=11100 kw=SPOT LOD_FADE_PERCENTAGE EFFECT_BUMP EFFECT_HUE_VARIATION GEOM_TYPE_BRANCH pd= ok=1
Cmd: compileSnippet
  api=0 type=0 insize=287544 outsize=9608 kw=DIRECTIONAL LOD_FADE_PERCENTAGE GEOM_TYPE_FROND pd= ok=1
Cmd: compileSnippet
  api=0 type=0 insize=287544 outsize=10617 kw=POINT LOD_FADE_PERCENTAGE EFFECT_HUE_VARIATION GEOM_TYPE_FROND pd= ok=1
Cmd: compileSnippet
  api=0 type=0 insize=287544 outsize=10513 kw=DIRECTIONAL_COOKIE LOD_FADE_PERCENTAGE EFFECT_HUE_VARIATION GEOM_TYPE_FROND pd= ok=1
Cmd: compileSnippet
  api=0 type=0 insize=287544 outsize=12012 kw=POINT_COOKIE LOD_FADE_PERCENTAGE EFFECT_BUMP EFFECT_HUE_VARIATION GEOM_TYPE_FROND pd= ok=1
Cmd: compileSnippet
  api=0 type=0 insize=287544 outsize=17439 kw=SPOT LOD_FADE_PERCENTAGE GEOM_TYPE_LEAF pd= ok=1
Cmd: compileSnippet
  api=0 type=0 insize=287544 outsize=17638 kw=DIRECTIONAL LOD_FADE_PERCENTAGE EFFECT_HUE_VARIATION GEOM_TYPE_LEAF pd= ok=1
Cmd: compileSnippet
  api=0 type=0 insize=287544 outsize=19304 kw=POINT LOD_FADE_PERCENTAGE EFFECT_BUMP EFFECT_HUE_VARIATION GEOM_TYPE_LEAF pd= ok=1
Cmd: compileSnippet
  api=0 type=0 insize=287544 outsize=19200 kw=DIRECTIONAL_COOKIE LOD_FADE_PERCENTAGE EFFECT_BUMP EFFECT_HUE_VARIATION GEOM_TYPE_LEAF pd= ok=1
Cmd: compileSnippet
  api=0 type=0 insize=287544 outsize=10457 kw=POINT LOD_FADE_CROSSFADE EFFECT_HUE_VARIATION GEOM_TYPE_BRANCH pd= ok=1
Cmd: compileSnippet
  api=0 type=0 insize=287544 outsize=10353 kw=DIRECTIONAL_COOKIE LOD_FADE_CROSSFADE EFFECT_HUE_VARIATION GEOM_TYPE_BRANCH pd= ok=1
Cmd: compileSnippet
  api=0 type=0 insize=287544 outsize=11856 kw=POINT_COOKIE LOD_FADE_CROSSFADE EFFECT_BUMP EFFECT_HUE_VARIATION GEOM_TYPE_BRANCH pd= ok=1
Cmd: compileSnippet
  api=0 type=0 insize=287544 outsize=10883 kw=SPOT LOD_FADE_CROSSFADE GEOM_TYPE_FROND pd= ok=1
Cmd: compileSnippet
  api=0 type=0 insize=287544 outsize=11088 kw=DIRECTIONAL LOD_FADE_CROSSFADE EFFECT_HUE_VARIATION GEOM_TYPE_FROND pd= ok=1
Cmd: compileSnippet
  api=0 type=0 insize=287544 outsize=12741 kw=POINT LOD_FADE_CROSSFADE EFFECT_BUMP EFFECT_HUE_VARIATION GEOM_TYPE_FROND pd= ok=1
Cmd: compileSnippet
  api=0 type=0 insize=287544 outsize=12637 kw=DIRECTIONAL_COOKIE LOD_FADE_CROSSFADE EFFECT_BUMP EFFECT_HUE_VARIATION GEOM_TYPE_FROND pd= ok=1
Cmd: compileSnippet
  api=0 type=0 insize=287544 outsize=17913 kw=POINT_COOKIE LOD_FADE_CROSSFADE GEOM_TYPE_LEAF pd= ok=1
Cmd: compileSnippet
  api=0 type=0 insize=287544 outsize=18655 kw=SPOT LOD_FADE_CROSSFADE EFFECT_HUE_VARIATION GEOM_TYPE_LEAF pd= ok=1
Cmd: compileSnippet
  api=0 type=0 insize=287544 outsize=19520 kw=DIRECTIONAL LOD_FADE_CROSSFADE EFFECT_BUMP EFFECT_HUE_VARIATION GEOM_TYPE_LEAF pd= ok=1
Cmd: compileSnippet
  api=0 type=1 insize=287544 outsize=6 kw=DIRECTIONAL GEOM_TYPE_BRANCH pd= ok=1
Cmd: compileSnippet
  api=0 type=1 insize=287544 outsize=6 kw=DIRECTIONAL_COOKIE GEOM_TYPE_BRANCH pd= ok=1
Cmd: compileSnippet
  api=0 type=1 insize=287544 outsize=6 kw=SPOT EFFECT_BUMP EFFECT_HUE_VARIATION GEOM_TYPE_BRANCH pd= ok=1
Cmd: compileSnippet
  api=0 type=1 insize=287544 outsize=6 kw=DIRECTIONAL GEOM_TYPE_FROND pd= ok=1
Cmd: compileSnippet
  api=0 type=1 insize=287544 outsize=6 kw=DIRECTIONAL_COOKIE GEOM_TYPE_FROND pd= ok=1
Cmd: compileSnippet
  api=0 type=1 insize=287544 outsize=6 kw=POINT_COOKIE EFFECT_HUE_VARIATION GEOM_TYPE_FROND pd= ok=1
Cmd: compileSnippet
  api=0 type=1 insize=287544 outsize=6 kw=SPOT EFFECT_BUMP EFFECT_HUE_VARIATION GEOM_TYPE_FROND pd= ok=1
Cmd: compileSnippet
  api=0 type=1 insize=287544 outsize=6 kw=DIRECTIONAL GEOM_TYPE_LEAF pd= ok=1
Cmd: compileSnippet
  api=0 type=1 insize=287544 outsize=6 kw=DIRECTIONAL EFFECT_HUE_VARIATION GEOM_TYPE_LEAF pd= ok=1
Cmd: compileSnippet
  api=0 type=1 insize=287544 outsize=6 kw=DIRECTIONAL_COOKIE EFFECT_HUE_VARIATION GEOM_TYPE_LEAF pd= ok=1
Cmd: compileSnippet
  api=0 type=1 insize=287544 outsize=6 kw=DIRECTIONAL_COOKIE EFFECT_BUMP EFFECT_HUE_VARIATION GEOM_TYPE_LEAF pd= ok=1
Cmd: compileSnippet
  api=0 type=1 insize=287544 outsize=6 kw=POINT_COOKIE LOD_FADE_PERCENTAGE GEOM_TYPE_BRANCH pd= ok=1
Cmd: compileSnippet
  api=0 type=1 insize=287544 outsize=6 kw=POINT_COOKIE LOD_FADE_PERCENTAGE EFFECT_HUE_VARIATION GEOM_TYPE_BRANCH pd= ok=1
Cmd: compileSnippet
  api=0 type=1 insize=287544 outsize=6 kw=SPOT LOD_FADE_PERCENTAGE EFFECT_BUMP EFFECT_HUE_VARIATION GEOM_TYPE_BRANCH pd= ok=1
Cmd: compileSnippet
  api=0 type=1 insize=287544 outsize=6 kw=POINT LOD_FADE_PERCENTAGE GEOM_TYPE_FROND pd= ok=1
Cmd: compileSnippet
  api=0 type=1 insize=287544 outsize=6 kw=POINT_COOKIE LOD_FADE_PERCENTAGE GEOM_TYPE_FROND pd= ok=1
Cmd: compileSnippet
  api=0 type=1 insize=287544 outsize=6 kw=POINT_COOKIE LOD_FADE_PERCENTAGE EFFECT_HUE_VARIATION GEOM_TYPE_FROND pd= ok=1
Cmd: compileSnippet
  api=0 type=1 insize=287544 outsize=6 kw=DIRECTIONAL LOD_FADE_PERCENTAGE EFFECT_BUMP EFFECT_HUE_VARIATION GEOM_TYPE_FROND pd= ok=1
Cmd: compileSnippet
  api=0 type=1 insize=287544 outsize=6 kw=POINT LOD_FADE_PERCENTAGE GEOM_TYPE_LEAF pd= ok=1
Cmd: compileSnippet
  api=0 type=1 insize=287544 outsize=6 kw=DIRECTIONAL_COOKIE LOD_FADE_PERCENTAGE GEOM_TYPE_LEAF pd= ok=1
Cmd: compileSnippet
  api=0 type=1 insize=287544 outsize=6 kw=POINT_COOKIE LOD_FADE_PERCENTAGE EFFECT_HUE_VARIATION GEOM_TYPE_LEAF pd= ok=1
Cmd: compileSnippet
  api=0 type=1 insize=287544 outsize=6 kw=SPOT LOD_FADE_PERCENTAGE EFFECT_BUMP EFFECT_HUE_VARIATION GEOM_TYPE_LEAF pd= ok=1
Cmd: compileSnippet
  api=0 type=1 insize=287544 outsize=6 kw=DIRECTIONAL LOD_FADE_CROSSFADE GEOM_TYPE_BRANCH pd= ok=1
Cmd: compileSnippet
  api=0 type=1 insize=287544 outsize=6 kw=DIRECTIONAL LOD_FADE_CROSSFADE EFFECT_HUE_VARIATION GEOM_TYPE_BRANCH pd= ok=1
Cmd: compileSnippet
  api=0 type=1 insize=287544 outsize=6 kw=POINT LOD_FADE_CROSSFADE EFFECT_BUMP EFFECT_HUE_VARIATION GEOM_TYPE_BRANCH pd= ok=1
Cmd: compileSnippet
  api=0 type=1 insize=287544 outsize=6 kw=DIRECTIONAL_COOKIE LOD_FADE_CROSSFADE EFFECT_BUMP EFFECT_HUE_VARIATION GEOM_TYPE_BRANCH pd= ok=1
Cmd: compileSnippet
  api=0 type=1 insize=287544 outsize=6 kw=SPOT LOD_FADE_CROSSFADE GEOM_TYPE_FROND pd= ok=1
Cmd: compileSnippet
  api=0 type=1 insize=287544 outsize=6 kw=DIRECTIONAL LOD_FADE_CROSSFADE EFFECT_HUE_VARIATION GEOM_TYPE_FROND pd= ok=1
Cmd: compileSnippet
  api=0 type=1 insize=287544 outsize=6 kw=POINT LOD_FADE_CROSSFADE EFFECT_BUMP EFFECT_HUE_VARIATION GEOM_TYPE_FROND pd= ok=1
Cmd: compileSnippet
  api=0 type=1 insize=287544 outsize=6 kw=DIRECTIONAL_COOKIE LOD_FADE_CROSSFADE EFFECT_BUMP EFFECT_HUE_VARIATION GEOM_TYPE_FROND pd= ok=1
Cmd: compileSnippet
  api=0 type=1 insize=287544 outsize=6 kw=POINT_COOKIE LOD_FADE_CROSSFADE GEOM_TYPE_LEAF pd= ok=1
Cmd: compileSnippet
  api=0 type=1 insize=287544 outsize=6 kw=SPOT LOD_FADE_CROSSFADE EFFECT_HUE_VARIATION GEOM_TYPE_LEAF pd= ok=1
Cmd: compileSnippet
  api=0 type=1 insize=287544 outsize=6 kw=DIRECTIONAL LOD_FADE_CROSSFADE EFFECT_BUMP EFFECT_HUE_VARIATION GEOM_TYPE_LEAF pd= ok=1
Cmd: compileSnippet
  api=0 type=0 insize=250789 outsize=9810 kw=EFFECT_BUMP EFFECT_HUE_VARIATION GEOM_TYPE_BRANCH pd= ok=1
Cmd: compileSnippet
  api=0 type=0 insize=250789 outsize=16521 kw=EFFECT_HUE_VARIATION GEOM_TYPE_LEAF pd= ok=1
Cmd: compileSnippet
  api=0 type=0 insize=250789 outsize=9917 kw=LOD_FADE_PERCENTAGE EFFECT_BUMP EFFECT_HUE_VARIATION GEOM_TYPE_BRANCH pd= ok=1
Cmd: compileSnippet
  api=0 type=0 insize=250789 outsize=16649 kw=LOD_FADE_PERCENTAGE GEOM_TYPE_LEAF pd= ok=1
Cmd: compileSnippet
  api=0 type=0 insize=250789 outsize=9296 kw=LOD_FADE_CROSSFADE EFFECT_HUE_VARIATION GEOM_TYPE_BRANCH pd= ok=1
Cmd: compileSnippet
  api=0 type=0 insize=250789 outsize=11725 kw=LOD_FADE_CROSSFADE EFFECT_BUMP EFFECT_HUE_VARIATION GEOM_TYPE_FROND pd= ok=1
Cmd: compileSnippet
  api=0 type=1 insize=250789 outsize=6 kw=GEOM_TYPE_FROND pd= ok=1
Cmd: compileSnippet
  api=0 type=1 insize=250789 outsize=6 kw=GEOM_TYPE_LEAF pd= ok=1
Cmd: compileSnippet
  api=0 type=1 insize=250789 outsize=6 kw=LOD_FADE_PERCENTAGE EFFECT_BUMP EFFECT_HUE_VARIATION GEOM_TYPE_BRANCH pd= ok=1
Cmd: compileSnippet
  api=0 type=1 insize=250789 outsize=6 kw=LOD_FADE_PERCENTAGE EFFECT_HUE_VARIATION GEOM_TYPE_FROND pd= ok=1
Cmd: compileSnippet
  api=0 type=1 insize=250789 outsize=6 kw=LOD_FADE_CROSSFADE EFFECT_HUE_VARIATION GEOM_TYPE_BRANCH pd= ok=1
Cmd: compileSnippet
  api=0 type=1 insize=250789 outsize=6 kw=LOD_FADE_CROSSFADE EFFECT_BUMP EFFECT_HUE_VARIATION GEOM_TYPE_FROND pd= ok=1
Cmd: compileSnippet
  api=0 type=0 insize=388922 outsize=10443 kw=LIGHTMAP_OFF DIRLIGHTMAP_OFF DYNAMICLIGHTMAP_OFF EFFECT_HUE_VARIATION GEOM_TYPE_BRANCH HDR_LIGHT_PREPASS_OFF pd= ok=1
Cmd: compileSnippet
  api=0 type=0 insize=388922 outsize=10734 kw=LIGHTMAP_OFF DIRLIGHTMAP_OFF DYNAMICLIGHTMAP_OFF GEOM_TYPE_FROND HDR_LIGHT_PREPASS_OFF pd= ok=1
Cmd: compileSnippet
  api=0 type=0 insize=388922 outsize=11403 kw=LIGHTMAP_OFF DIRLIGHTMAP_OFF DYNAMICLIGHTMAP_OFF EFFECT_BUMP EFFECT_HUE_VARIATION GEOM_TYPE_FROND HDR_LIGHT_PREPASS_OFF pd= ok=1
Cmd: compileSnippet
  api=0 type=0 insize=388922 outsize=18513 kw=LIGHTMAP_OFF DIRLIGHTMAP_OFF DYNAMICLIGHTMAP_OFF EFFECT_HUE_VARIATION GEOM_TYPE_LEAF HDR_LIGHT_PREPASS_OFF pd= ok=1
Cmd: compileSnippet
  api=0 type=0 insize=388922 outsize=9916 kw=LIGHTMAP_OFF DIRLIGHTMAP_OFF DYNAMICLIGHTMAP_OFF UNITY_HDR_ON LOD_FADE_PERCENTAGE GEOM_TYPE_BRANCH pd= ok=1
Cmd: compileSnippet
  api=0 type=0 insize=388922 outsize=10585 kw=LIGHTMAP_OFF DIRLIGHTMAP_OFF DYNAMICLIGHTMAP_OFF UNITY_HDR_ON LOD_FADE_PERCENTAGE EFFECT_HUE_VARIATION GEOM_TYPE_BRANCH pd= ok=1
Cmd: compileSnippet
  api=0 type=0 insize=388922 outsize=10877 kw=LIGHTMAP_OFF DIRLIGHTMAP_OFF DYNAMICLIGHTMAP_OFF UNITY_HDR_ON LOD_FADE_PERCENTAGE GEOM_TYPE_FROND pd= ok=1
Cmd: compileSnippet
  api=0 type=0 insize=388922 outsize=11550 kw=LIGHTMAP_OFF DIRLIGHTMAP_OFF DYNAMICLIGHTMAP_OFF UNITY_HDR_ON LOD_FADE_PERCENTAGE EFFECT_BUMP EFFECT_HUE_VARIATION GEOM_TYPE_FROND pd= ok=1
Cmd: compileSnippet
  api=0 type=0 insize=388922 outsize=18973 kw=LIGHTMAP_OFF DIRLIGHTMAP_OFF DYNAMICLIGHTMAP_OFF UNITY_HDR_ON LOD_FADE_PERCENTAGE EFFECT_HUE_VARIATION GEOM_TYPE_LEAF pd= ok=1
Cmd: compileSnippet
  api=0 type=0 insize=388922 outsize=10680 kw=LIGHTMAP_OFF DIRLIGHTMAP_OFF DYNAMICLIGHTMAP_OFF UNITY_HDR_ON LOD_FADE_CROSSFADE GEOM_TYPE_BRANCH pd= ok=1
Cmd: compileSnippet
  api=0 type=0 insize=388922 outsize=11317 kw=LIGHTMAP_OFF DIRLIGHTMAP_OFF DYNAMICLIGHTMAP_OFF LOD_FADE_CROSSFADE EFFECT_BUMP EFFECT_HUE_VARIATION GEOM_TYPE_BRANCH HDR_LIGHT_PREPASS_OFF pd= ok=1
Cmd: compileSnippet
  api=0 type=0 insize=388922 outsize=12286 kw=LIGHTMAP_OFF DIRLIGHTMAP_OFF DYNAMICLIGHTMAP_OFF LOD_FADE_CROSSFADE EFFECT_HUE_VARIATION GEOM_TYPE_FROND HDR_LIGHT_PREPASS_OFF pd= ok=1
Cmd: compileSnippet
  api=0 type=0 insize=388922 outsize=18745 kw=LIGHTMAP_OFF DIRLIGHTMAP_OFF DYNAMICLIGHTMAP_OFF LOD_FADE_CROSSFADE GEOM_TYPE_LEAF HDR_LIGHT_PREPASS_OFF pd= ok=1
Cmd: compileSnippet
  api=0 type=0 insize=388922 outsize=19427 kw=LIGHTMAP_OFF DIRLIGHTMAP_OFF DYNAMICLIGHTMAP_OFF LOD_FADE_CROSSFADE EFFECT_BUMP EFFECT_HUE_VARIATION GEOM_TYPE_LEAF HDR_LIGHT_PREPASS_OFF pd= ok=1
Cmd: compileSnippet
  api=0 type=1 insize=388922 outsize=6 kw=LIGHTMAP_OFF DIRLIGHTMAP_OFF DYNAMICLIGHTMAP_OFF EFFECT_HUE_VARIATION GEOM_TYPE_BRANCH HDR_LIGHT_PREPASS_OFF pd= ok=1
Cmd: compileSnippet
  api=0 type=1 insize=388922 outsize=6 kw=LIGHTMAP_OFF DIRLIGHTMAP_OFF DYNAMICLIGHTMAP_OFF UNITY_HDR_ON GEOM_TYPE_FROND pd= ok=1
Cmd: compileSnippet
  api=0 type=1 insize=388922 outsize=6 kw=LIGHTMAP_OFF DIRLIGHTMAP_OFF DYNAMICLIGHTMAP_OFF UNITY_HDR_ON EFFECT_BUMP EFFECT_HUE_VARIATION GEOM_TYPE_FROND pd= ok=1
Cmd: compileSnippet
  api=0 type=1 insize=388922 outsize=6 kw=LIGHTMAP_OFF DIRLIGHTMAP_OFF DYNAMICLIGHTMAP_OFF UNITY_HDR_ON EFFECT_HUE_VARIATION GEOM_TYPE_LEAF pd= ok=1
Cmd: compileSnippet
  api=0 type=1 insize=388922 outsize=6 kw=LIGHTMAP_OFF DIRLIGHTMAP_OFF DYNAMICLIGHTMAP_OFF UNITY_HDR_ON LOD_FADE_PERCENTAGE GEOM_TYPE_BRANCH pd= ok=1
Cmd: compileSnippet
  api=0 type=1 insize=388922 outsize=6 kw=LIGHTMAP_OFF DIRLIGHTMAP_OFF DYNAMICLIGHTMAP_OFF LOD_FADE_PERCENTAGE GEOM_TYPE_FROND HDR_LIGHT_PREPASS_OFF pd= ok=1
Cmd: compileSnippet
  api=0 type=1 insize=388922 outsize=6 kw=LIGHTMAP_OFF DIRLIGHTMAP_OFF DYNAMICLIGHTMAP_OFF LOD_FADE_PERCENTAGE EFFECT_BUMP EFFECT_HUE_VARIATION GEOM_TYPE_FROND HDR_LIGHT_PREPASS_OFF pd= ok=1
Cmd: compileSnippet
  api=0 type=1 insize=388922 outsize=6 kw=LIGHTMAP_OFF DIRLIGHTMAP_OFF DYNAMICLIGHTMAP_OFF LOD_FADE_PERCENTAGE EFFECT_HUE_VARIATION GEOM_TYPE_LEAF HDR_LIGHT_PREPASS_OFF pd= ok=1
Cmd: compileSnippet
  api=0 type=1 insize=388922 outsize=6 kw=LIGHTMAP_OFF DIRLIGHTMAP_OFF DYNAMICLIGHTMAP_OFF UNITY_HDR_ON LOD_FADE_CROSSFADE GEOM_TYPE_BRANCH pd= ok=1
Cmd: compileSnippet
  api=0 type=1 insize=388922 outsize=6 kw=LIGHTMAP_OFF DIRLIGHTMAP_OFF DYNAMICLIGHTMAP_OFF UNITY_HDR_ON LOD_FADE_CROSSFADE EFFECT_BUMP EFFECT_HUE_VARIATION GEOM_TYPE_BRANCH pd= ok=1
Cmd: compileSnippet
  api=0 type=1 insize=388922 outsize=6 kw=LIGHTMAP_OFF DIRLIGHTMAP_OFF DYNAMICLIGHTMAP_OFF UNITY_HDR_ON LOD_FADE_CROSSFADE EFFECT_HUE_VARIATION GEOM_TYPE_FROND pd= ok=1
Cmd: compileSnippet
  api=0 type=1 insize=388922 outsize=6 kw=LIGHTMAP_OFF DIRLIGHTMAP_OFF DYNAMICLIGHTMAP_OFF LOD_FADE_CROSSFADE EFFECT_HUE_VARIATION GEOM_TYPE_LEAF HDR_LIGHT_PREPASS_OFF pd= ok=1
Cmd: compileSnippet
  api=0 type=0 insize=420208 outsize=9697 kw=LIGHTMAP_OFF DIRLIGHTMAP_OFF DYNAMICLIGHTMAP_OFF GEOM_TYPE_BRANCH HDR_LIGHT_PREPASS_OFF pd= ok=1
Cmd: compileSnippet
  api=0 type=0 insize=420208 outsize=10156 kw=LIGHTMAP_OFF DIRLIGHTMAP_COMBINED DYNAMICLIGHTMAP_ON UNITY_HDR_ON EFFECT_HUE_VARIATION GEOM_TYPE_BRANCH pd= ok=1
Cmd: compileSnippet
  api=0 type=0 insize=420208 outsize=10546 kw=LIGHTMAP_OFF DIRLIGHTMAP_COMBINED DYNAMICLIGHTMAP_ON GEOM_TYPE_FROND HDR_LIGHT_PREPASS_OFF pd= ok=1
Cmd: compileSnippet
  api=0 type=0 insize=420208 outsize=10436 kw=LIGHTMAP_OFF DIRLIGHTMAP_COMBINED DYNAMICLIGHTMAP_ON UNITY_HDR_ON GEOM_TYPE_FROND pd= ok=1
Cmd: compileSnippet
  api=0 type=0 insize=420208 outsize=11269 kw=LIGHTMAP_OFF DIRLIGHTMAP_OFF DYNAMICLIGHTMAP_OFF UNITY_HDR_ON EFFECT_HUE_VARIATION GEOM_TYPE_FROND pd= ok=1
Cmd: compileSnippet
  api=0 type=0 insize=420208 outsize=17630 kw=LIGHTMAP_OFF DIRLIGHTMAP_COMBINED DYNAMICLIGHTMAP_ON GEOM_TYPE_LEAF HDR_LIGHT_PREPASS_OFF pd= ok=1
Cmd: compileSnippet
  api=0 type=0 insize=420208 outsize=18465 kw=LIGHTMAP_OFF DIRLIGHTMAP_OFF DYNAMICLIGHTMAP_OFF EFFECT_HUE_VARIATION GEOM_TYPE_LEAF HDR_LIGHT_PREPASS_OFF pd= ok=1
Cmd: compileSnippet
  api=0 type=0 insize=420208 outsize=19775 kw=LIGHTMAP_OFF DIRLIGHTMAP_COMBINED DYNAMICLIGHTMAP_ON UNITY_HDR_ON EFFECT_BUMP EFFECT_HUE_VARIATION GEOM_TYPE_LEAF pd= ok=1
Cmd: compileSnippet
  api=0 type=0 insize=420208 outsize=10374 kw=LIGHTMAP_OFF DIRLIGHTMAP_COMBINED DYNAMICLIGHTMAP_ON LOD_FADE_PERCENTAGE EFFECT_HUE_VARIATION GEOM_TYPE_BRANCH HDR_LIGHT_PREPASS_OFF pd= ok=1
Cmd: compileSnippet
  api=0 type=0 insize=420208 outsize=11804 kw=LIGHTMAP_OFF DIRLIGHTMAP_COMBINED DYNAMICLIGHTMAP_ON UNITY_HDR_ON LOD_FADE_PERCENTAGE EFFECT_BUMP EFFECT_HUE_VARIATION GEOM_TYPE_BRANCH pd= ok=1
Cmd: compileSnippet
  api=0 type=0 insize=420208 outsize=10540 kw=LIGHTMAP_OFF DIRLIGHTMAP_COMBINED DYNAMICLIGHTMAP_ON UNITY_HDR_ON LOD_FADE_PERCENTAGE GEOM_TYPE_FROND pd= ok=1
Cmd: compileSnippet
  api=0 type=0 insize=420208 outsize=11221 kw=LIGHTMAP_OFF DIRLIGHTMAP_COMBINED DYNAMICLIGHTMAP_ON UNITY_HDR_ON LOD_FADE_PERCENTAGE EFFECT_HUE_VARIATION GEOM_TYPE_FROND pd= ok=1
Cmd: compileSnippet
  api=0 type=0 insize=420208 outsize=18167 kw=LIGHTMAP_OFF DIRLIGHTMAP_OFF DYNAMICLIGHTMAP_OFF LOD_FADE_PERCENTAGE GEOM_TYPE_LEAF HDR_LIGHT_PREPASS_OFF pd= ok=1
Cmd: compileSnippet
  api=0 type=0 insize=420208 outsize=18697 kw=LIGHTMAP_OFF DIRLIGHTMAP_COMBINED DYNAMICLIGHTMAP_ON LOD_FADE_PERCENTAGE EFFECT_HUE_VARIATION GEOM_TYPE_LEAF HDR_LIGHT_PREPASS_OFF pd= ok=1
Cmd: compileSnippet
  api=0 type=0 insize=420208 outsize=20308 kw=LIGHTMAP_OFF DIRLIGHTMAP_COMBINED DYNAMICLIGHTMAP_ON LOD_FADE_PERCENTAGE EFFECT_BUMP EFFECT_HUE_VARIATION GEOM_TYPE_LEAF HDR_LIGHT_PREPASS_OFF pd= ok=1
Cmd: compileSnippet
  api=0 type=0 insize=420208 outsize=11338 kw=LIGHTMAP_OFF DIRLIGHTMAP_OFF DYNAMICLIGHTMAP_OFF LOD_FADE_CROSSFADE EFFECT_HUE_VARIATION GEOM_TYPE_BRANCH HDR_LIGHT_PREPASS_OFF pd= ok=1
Cmd: compileSnippet
  api=0 type=0 insize=420208 outsize=12732 kw=LIGHTMAP_OFF DIRLIGHTMAP_COMBINED DYNAMICLIGHTMAP_ON LOD_FADE_CROSSFADE EFFECT_BUMP EFFECT_HUE_VARIATION GEOM_TYPE_BRANCH HDR_LIGHT_PREPASS_OFF pd= ok=1
Cmd: compileSnippet
  api=0 type=0 insize=420208 outsize=11350 kw=LIGHTMAP_OFF DIRLIGHTMAP_COMBINED DYNAMICLIGHTMAP_ON UNITY_HDR_ON LOD_FADE_CROSSFADE GEOM_TYPE_FROND pd= ok=1
Cmd: compileSnippet
  api=0 type=0 insize=420208 outsize=12033 kw=LIGHTMAP_OFF DIRLIGHTMAP_COMBINED DYNAMICLIGHTMAP_ON UNITY_HDR_ON LOD_FADE_CROSSFADE EFFECT_HUE_VARIATION GEOM_TYPE_FROND pd= ok=1
Cmd: compileSnippet
  api=0 type=0 insize=420208 outsize=13539 kw=LIGHTMAP_OFF DIRLIGHTMAP_OFF DYNAMICLIGHTMAP_OFF UNITY_HDR_ON LOD_FADE_CROSSFADE EFFECT_BUMP EFFECT_HUE_VARIATION GEOM_TYPE_FROND pd= ok=1
Cmd: compileSnippet
  api=0 type=0 insize=420208 outsize=18605 kw=LIGHTMAP_OFF DIRLIGHTMAP_OFF DYNAMICLIGHTMAP_OFF UNITY_HDR_ON LOD_FADE_CROSSFADE GEOM_TYPE_LEAF pd= ok=1
Cmd: compileSnippet
  api=0 type=0 insize=420208 outsize=19123 kw=LIGHTMAP_OFF DIRLIGHTMAP_COMBINED DYNAMICLIGHTMAP_ON UNITY_HDR_ON LOD_FADE_CROSSFADE EFFECT_HUE_VARIATION GEOM_TYPE_LEAF pd= ok=1
Cmd: compileSnippet
  api=0 type=1 insize=420208 outsize=6 kw=LIGHTMAP_OFF DIRLIGHTMAP_OFF DYNAMICLIGHTMAP_OFF UNITY_HDR_ON GEOM_TYPE_BRANCH pd= ok=1
Cmd: compileSnippet
  api=0 type=1 insize=420208 outsize=6 kw=LIGHTMAP_OFF DIRLIGHTMAP_COMBINED DYNAMICLIGHTMAP_ON EFFECT_HUE_VARIATION GEOM_TYPE_BRANCH HDR_LIGHT_PREPASS_OFF pd= ok=1
Cmd: compileSnippet
  api=0 type=1 insize=420208 outsize=6 kw=LIGHTMAP_OFF DIRLIGHTMAP_COMBINED DYNAMICLIGHTMAP_ON UNITY_HDR_ON EFFECT_BUMP EFFECT_HUE_VARIATION GEOM_TYPE_BRANCH pd= ok=1
Cmd: compileSnippet
  api=0 type=1 insize=420208 outsize=6 kw=LIGHTMAP_OFF DIRLIGHTMAP_OFF DYNAMICLIGHTMAP_OFF EFFECT_HUE_VARIATION GEOM_TYPE_FROND HDR_LIGHT_PREPASS_OFF pd= ok=1
Cmd: compileSnippet
  api=0 type=1 insize=420208 outsize=6 kw=LIGHTMAP_OFF DIRLIGHTMAP_COMBINED DYNAMICLIGHTMAP_ON UNITY_HDR_ON EFFECT_HUE_VARIATION GEOM_TYPE_FROND pd= ok=1
Cmd: compileSnippet
  api=0 type=1 insize=420208 outsize=6 kw=LIGHTMAP_OFF DIRLIGHTMAP_COMBINED DYNAMICLIGHTMAP_ON GEOM_TYPE_LEAF HDR_LIGHT_PREPASS_OFF pd= ok=1
Cmd: compileSnippet
  api=0 type=1 insize=420208 outsize=6 kw=LIGHTMAP_OFF DIRLIGHTMAP_OFF DYNAMICLIGHTMAP_OFF EFFECT_HUE_VARIATION GEOM_TYPE_LEAF HDR_LIGHT_PREPASS_OFF pd= ok=1
Cmd: compileSnippet
  api=0 type=1 insize=420208 outsize=6 kw=LIGHTMAP_OFF DIRLIGHTMAP_COMBINED DYNAMICLIGHTMAP_ON UNITY_HDR_ON EFFECT_BUMP EFFECT_HUE_VARIATION GEOM_TYPE_LEAF pd= ok=1
Cmd: compileSnippet
  api=0 type=1 insize=420208 outsize=6 kw=LIGHTMAP_OFF DIRLIGHTMAP_COMBINED DYNAMICLIGHTMAP_ON UNITY_HDR_ON LOD_FADE_PERCENTAGE GEOM_TYPE_BRANCH pd= ok=1
Cmd: compileSnippet
  api=0 type=1 insize=420208 outsize=6 kw=LIGHTMAP_OFF DIRLIGHTMAP_OFF DYNAMICLIGHTMAP_OFF UNITY_HDR_ON LOD_FADE_PERCENTAGE EFFECT_HUE_VARIATION GEOM_TYPE_BRANCH pd= ok=1
Cmd: compileSnippet
  api=0 type=1 insize=420208 outsize=6 kw=LIGHTMAP_OFF DIRLIGHTMAP_OFF DYNAMICLIGHTMAP_OFF LOD_FADE_PERCENTAGE GEOM_TYPE_FROND HDR_LIGHT_PREPASS_OFF pd= ok=1
Cmd: compileSnippet
  api=0 type=1 insize=420208 outsize=6 kw=LIGHTMAP_OFF DIRLIGHTMAP_OFF DYNAMICLIGHTMAP_OFF LOD_FADE_PERCENTAGE EFFECT_HUE_VARIATION GEOM_TYPE_FROND HDR_LIGHT_PREPASS_OFF pd= ok=1
Cmd: compileSnippet
  api=0 type=1 insize=420208 outsize=6 kw=LIGHTMAP_OFF DIRLIGHTMAP_COMBINED DYNAMICLIGHTMAP_ON LOD_FADE_PERCENTAGE EFFECT_BUMP EFFECT_HUE_VARIATION GEOM_TYPE_FROND HDR_LIGHT_PREPASS_OFF pd= ok=1
Cmd: compileSnippet
  api=0 type=1 insize=420208 outsize=6 kw=LIGHTMAP_OFF DIRLIGHTMAP_OFF DYNAMICLIGHTMAP_OFF UNITY_HDR_ON LOD_FADE_PERCENTAGE GEOM_TYPE_LEAF pd= ok=1
Cmd: compileSnippet
  api=0 type=1 insize=420208 outsize=6 kw=LIGHTMAP_OFF DIRLIGHTMAP_OFF DYNAMICLIGHTMAP_OFF UNITY_HDR_ON LOD_FADE_PERCENTAGE EFFECT_HUE_VARIATION GEOM_TYPE_LEAF pd= ok=1
Cmd: compileSnippet
  api=0 type=1 insize=420208 outsize=6 kw=LIGHTMAP_OFF DIRLIGHTMAP_OFF DYNAMICLIGHTMAP_OFF LOD_FADE_CROSSFADE GEOM_TYPE_BRANCH HDR_LIGHT_PREPASS_OFF pd= ok=1
Cmd: compileSnippet
  api=0 type=1 insize=420208 outsize=6 kw=LIGHTMAP_OFF DIRLIGHTMAP_OFF DYNAMICLIGHTMAP_OFF LOD_FADE_CROSSFADE EFFECT_HUE_VARIATION GEOM_TYPE_BRANCH HDR_LIGHT_PREPASS_OFF pd= ok=1
Cmd: compileSnippet
  api=0 type=1 insize=420208 outsize=6 kw=LIGHTMAP_OFF DIRLIGHTMAP_COMBINED DYNAMICLIGHTMAP_ON LOD_FADE_CROSSFADE EFFECT_BUMP EFFECT_HUE_VARIATION GEOM_TYPE_BRANCH HDR_LIGHT_PREPASS_OFF pd= ok=1
Cmd: compileSnippet
  api=0 type=1 insize=420208 outsize=6 kw=LIGHTMAP_OFF DIRLIGHTMAP_OFF DYNAMICLIGHTMAP_OFF UNITY_HDR_ON LOD_FADE_CROSSFADE GEOM_TYPE_FROND pd= ok=1
Cmd: compileSnippet
  api=0 type=1 insize=420208 outsize=6 kw=LIGHTMAP_OFF DIRLIGHTMAP_OFF DYNAMICLIGHTMAP_OFF UNITY_HDR_ON LOD_FADE_CROSSFADE EFFECT_HUE_VARIATION GEOM_TYPE_FROND pd= ok=1
Cmd: compileSnippet
  api=0 type=1 insize=420208 outsize=6 kw=LIGHTMAP_OFF DIRLIGHTMAP_OFF DYNAMICLIGHTMAP_OFF UNITY_HDR_ON LOD_FADE_CROSSFADE EFFECT_BUMP EFFECT_HUE_VARIATION GEOM_TYPE_FROND pd= ok=1
Cmd: compileSnippet
  api=0 type=1 insize=420208 outsize=6 kw=LIGHTMAP_OFF DIRLIGHTMAP_OFF DYNAMICLIGHTMAP_OFF UNITY_HDR_ON LOD_FADE_CROSSFADE GEOM_TYPE_LEAF pd= ok=1
Cmd: compileSnippet
  api=0 type=1 insize=420208 outsize=6 kw=LIGHTMAP_OFF DIRLIGHTMAP_OFF DYNAMICLIGHTMAP_OFF UNITY_HDR_ON LOD_FADE_CROSSFADE EFFECT_HUE_VARIATION GEOM_TYPE_LEAF pd= ok=1
Cmd: compileSnippet
  api=0 type=0 insize=1274 outsize=8425 kw=SHADOWS_CUBE GEOM_TYPE_FROND pd= ok=1
Cmd: compileSnippet
  api=0 type=0 insize=1274 outsize=8221 kw=SHADOWS_CUBE LOD_FADE_CROSSFADE GEOM_TYPE_BRANCH pd= ok=1
Cmd: compileSnippet
  api=0 type=0 insize=1274 outsize=9303 kw=SHADOWS_CUBE LOD_FADE_CROSSFADE GEOM_TYPE_FROND pd= ok=1
Cmd: compileSnippet
  api=0 type=1 insize=1274 outsize=6 kw=SHADOWS_CUBE GEOM_TYPE_BRANCH pd= ok=1
Cmd: compileSnippet
  api=0 type=1 insize=1274 outsize=6 kw=SHADOWS_CUBE LOD_FADE_PERCENTAGE GEOM_TYPE_LEAF pd= ok=1
Cmd: compileSnippet
  api=0 type=0 insize=1222 outsize=11287 kw=EFFECT_HUE_VARIATION GEOM_TYPE_BRANCH pd= ok=1
Cmd: compileSnippet
  api=0 type=0 insize=1222 outsize=19369 kw=EFFECT_HUE_VARIATION GEOM_TYPE_LEAF pd= ok=1
Cmd: compileSnippet
  api=0 type=0 insize=1222 outsize=19762 kw=LOD_FADE_PERCENTAGE EFFECT_HUE_VARIATION GEOM_TYPE_LEAF pd= ok=1
Cmd: compileSnippet
  api=0 type=0 insize=1222 outsize=20357 kw=LOD_FADE_CROSSFADE EFFECT_HUE_VARIATION GEOM_TYPE_LEAF pd= ok=1
Cmd: compileSnippet
  api=0 type=1 insize=1222 outsize=6 kw=EFFECT_HUE_VARIATION GEOM_TYPE_FROND pd= ok=1
Cmd: compileSnippet
  api=0 type=1 insize=1222 outsize=6 kw=LOD_FADE_PERCENTAGE EFFECT_HUE_VARIATION GEOM_TYPE_BRANCH pd= ok=1
Cmd: compileSnippet
  api=0 type=1 insize=1222 outsize=6 kw=LOD_FADE_PERCENTAGE EFFECT_HUE_VARIATION GEOM_TYPE_LEAF pd= ok=1
Cmd: compileSnippet
  api=0 type=1 insize=1222 outsize=6 kw=LOD_FADE_CROSSFADE EFFECT_HUE_VARIATION GEOM_TYPE_FROND pd= ok=1
Cmd: compileSnippet
  api=0 type=0 insize=70493 outsize=3779 kw=DIRECTIONAL SHADOWS_OFF LIGHTMAP_OFF DIRLIGHTMAP_OFF DYNAMICLIGHTMAP_OFF VERTEXLIGHT_ON GEOM_TYPE_BRANCH pd= ok=1
Cmd: compileSnippet
  api=0 type=0 insize=70493 outsize=3925 kw=DIRECTIONAL SHADOWS_OFF LIGHTMAP_OFF DIRLIGHTMAP_OFF DYNAMICLIGHTMAP_OFF VERTEXLIGHT_ON GEOM_TYPE_FROND pd= ok=1
Cmd: compileSnippet
  api=0 type=0 insize=70493 outsize=4609 kw=DIRECTIONAL SHADOWS_OFF LIGHTMAP_OFF DIRLIGHTMAP_OFF DYNAMICLIGHTMAP_OFF VERTEXLIGHT_ON GEOM_TYPE_LEAF pd= ok=1
Cmd: compileSnippet
  api=0 type=0 insize=70493 outsize=3935 kw=DIRECTIONAL SHADOWS_OFF LIGHTMAP_OFF DIRLIGHTMAP_OFF DYNAMICLIGHTMAP_OFF VERTEXLIGHT_ON LOD_FADE_PERCENTAGE GEOM_TYPE_BRANCH pd= ok=1
Cmd: compileSnippet
  api=0 type=0 insize=70493 outsize=4081 kw=DIRECTIONAL SHADOWS_OFF LIGHTMAP_OFF DIRLIGHTMAP_OFF DYNAMICLIGHTMAP_OFF VERTEXLIGHT_ON LOD_FADE_PERCENTAGE GEOM_TYPE_FROND pd= ok=1
Cmd: compileSnippet
  api=0 type=0 insize=70493 outsize=4992 kw=DIRECTIONAL SHADOWS_OFF LIGHTMAP_OFF DIRLIGHTMAP_OFF DYNAMICLIGHTMAP_OFF VERTEXLIGHT_ON LOD_FADE_PERCENTAGE GEOM_TYPE_LEAF pd= ok=1
Cmd: compileSnippet
  api=0 type=1 insize=70493 outsize=6 kw=DIRECTIONAL SHADOWS_SCREEN LIGHTMAP_OFF DIRLIGHTMAP_OFF DYNAMICLIGHTMAP_OFF GEOM_TYPE_FROND pd= ok=1
Cmd: compileSnippet
  api=0 type=1 insize=70493 outsize=6 kw=DIRECTIONAL SHADOWS_SCREEN LIGHTMAP_OFF DIRLIGHTMAP_OFF DYNAMICLIGHTMAP_OFF LOD_FADE_PERCENTAGE GEOM_TYPE_BRANCH pd= ok=1
Cmd: compileSnippet
  api=0 type=1 insize=70493 outsize=6 kw=DIRECTIONAL SHADOWS_SCREEN LIGHTMAP_OFF DIRLIGHTMAP_OFF DYNAMICLIGHTMAP_OFF LOD_FADE_PERCENTAGE GEOM_TYPE_LEAF pd= ok=1
Cmd: compileSnippet
  api=0 type=0 insize=40762 outsize=2100 kw=POINT_COOKIE GEOM_TYPE_BRANCH pd= ok=1
Cmd: compileSnippet
  api=0 type=0 insize=40762 outsize=1832 kw=DIRECTIONAL GEOM_TYPE_FROND pd= ok=1
Cmd: compileSnippet
  api=0 type=0 insize=40762 outsize=2063 kw=DIRECTIONAL_COOKIE GEOM_TYPE_FROND pd= ok=1
Cmd: compileSnippet
  api=0 type=0 insize=40762 outsize=2900 kw=POINT_COOKIE GEOM_TYPE_LEAF pd= ok=1
Cmd: compileSnippet
  api=0 type=0 insize=40762 outsize=1837 kw=DIRECTIONAL LOD_FADE_PERCENTAGE GEOM_TYPE_BRANCH pd= ok=1
Cmd: compileSnippet
  api=0 type=0 insize=40762 outsize=2314 kw=POINT LOD_FADE_PERCENTAGE GEOM_TYPE_FROND pd= ok=1
Cmd: compileSnippet
  api=0 type=0 insize=40762 outsize=3200 kw=POINT LOD_FADE_PERCENTAGE GEOM_TYPE_LEAF pd= ok=1
Cmd: compileSnippet
  api=0 type=1 insize=40762 outsize=6 kw=DIRECTIONAL GEOM_TYPE_BRANCH pd= ok=1
Cmd: compileSnippet
  api=0 type=1 insize=40762 outsize=6 kw=SPOT GEOM_TYPE_FROND pd= ok=1
Cmd: compileSnippet
  api=0 type=1 insize=40762 outsize=6 kw=DIRECTIONAL GEOM_TYPE_LEAF pd= ok=1
Cmd: compileSnippet
  api=0 type=1 insize=40762 outsize=6 kw=SPOT GEOM_TYPE_LEAF pd= ok=1
Cmd: compileSnippet
  api=0 type=1 insize=40762 outsize=6 kw=SPOT LOD_FADE_PERCENTAGE GEOM_TYPE_BRANCH pd= ok=1
Cmd: compileSnippet
  api=0 type=1 insize=40762 outsize=6 kw=POINT LOD_FADE_PERCENTAGE GEOM_TYPE_FROND pd= ok=1
Cmd: compileSnippet
  api=0 type=1 insize=40762 outsize=6 kw=POINT LOD_FADE_PERCENTAGE GEOM_TYPE_LEAF pd= ok=1
Cmd: compileSnippet
  api=0 type=1 insize=40762 outsize=6 kw=DIRECTIONAL_COOKIE LOD_FADE_PERCENTAGE GEOM_TYPE_LEAF pd= ok=1
Cmd: compileSnippet
  api=0 type=0 insize=34547 outsize=2166 kw=GEOM_TYPE_LEAF pd= ok=1
Cmd: compileSnippet
  api=0 type=1 insize=34547 outsize=6 kw=GEOM_TYPE_LEAF pd= ok=1
Cmd: compileSnippet
  api=0 type=0 insize=60450 outsize=2936 kw=LIGHTMAP_OFF DIRLIGHTMAP_OFF DYNAMICLIGHTMAP_OFF UNITY_HDR_ON GEOM_TYPE_BRANCH pd= ok=1
Cmd: compileSnippet
  api=0 type=0 insize=60450 outsize=3721 kw=LIGHTMAP_OFF DIRLIGHTMAP_OFF DYNAMICLIGHTMAP_OFF GEOM_TYPE_LEAF HDR_LIGHT_PREPASS_OFF pd= ok=1
Cmd: compileSnippet
  api=0 type=0 insize=60450 outsize=4101 kw=LIGHTMAP_OFF DIRLIGHTMAP_OFF DYNAMICLIGHTMAP_OFF LOD_FADE_PERCENTAGE GEOM_TYPE_LEAF HDR_LIGHT_PREPASS_OFF pd= ok=1
Cmd: compileSnippet
  api=0 type=1 insize=60450 outsize=6 kw=LIGHTMAP_OFF DIRLIGHTMAP_OFF DYNAMICLIGHTMAP_OFF GEOM_TYPE_FROND HDR_LIGHT_PREPASS_OFF pd= ok=1
Cmd: compileSnippet
  api=0 type=1 insize=60450 outsize=6 kw=LIGHTMAP_OFF DIRLIGHTMAP_OFF DYNAMICLIGHTMAP_OFF UNITY_HDR_ON GEOM_TYPE_LEAF pd= ok=1
Cmd: compileSnippet
  api=0 type=1 insize=60450 outsize=6 kw=LIGHTMAP_OFF DIRLIGHTMAP_OFF DYNAMICLIGHTMAP_OFF UNITY_HDR_ON LOD_FADE_PERCENTAGE GEOM_TYPE_FROND pd= ok=1
Cmd: compileSnippet
  api=0 type=0 insize=62214 outsize=2708 kw=LIGHTMAP_OFF DIRLIGHTMAP_OFF DYNAMICLIGHTMAP_OFF UNITY_HDR_ON GEOM_TYPE_BRANCH pd= ok=1
Cmd: compileSnippet
  api=0 type=0 insize=62214 outsize=2865 kw=LIGHTMAP_OFF DIRLIGHTMAP_COMBINED DYNAMICLIGHTMAP_ON GEOM_TYPE_FROND HDR_LIGHT_PREPASS_OFF pd= ok=1
Cmd: compileSnippet
  api=0 type=0 insize=62214 outsize=3531 kw=LIGHTMAP_OFF DIRLIGHTMAP_COMBINED DYNAMICLIGHTMAP_ON GEOM_TYPE_LEAF HDR_LIGHT_PREPASS_OFF pd= ok=1
Cmd: compileSnippet
  api=0 type=0 insize=62214 outsize=2831 kw=LIGHTMAP_OFF DIRLIGHTMAP_COMBINED DYNAMICLIGHTMAP_ON LOD_FADE_PERCENTAGE GEOM_TYPE_BRANCH HDR_LIGHT_PREPASS_OFF pd= ok=1
Cmd: compileSnippet
  api=0 type=0 insize=62214 outsize=3151 kw=LIGHTMAP_OFF DIRLIGHTMAP_OFF DYNAMICLIGHTMAP_OFF LOD_FADE_PERCENTAGE GEOM_TYPE_FROND HDR_LIGHT_PREPASS_OFF pd= ok=1
Cmd: compileSnippet
  api=0 type=0 insize=62214 outsize=3912 kw=LIGHTMAP_OFF DIRLIGHTMAP_COMBINED DYNAMICLIGHTMAP_ON LOD_FADE_PERCENTAGE GEOM_TYPE_LEAF HDR_LIGHT_PREPASS_OFF pd= ok=1
Cmd: compileSnippet
  api=0 type=1 insize=62214 outsize=6 kw=LIGHTMAP_OFF DIRLIGHTMAP_COMBINED DYNAMICLIGHTMAP_ON GEOM_TYPE_BRANCH HDR_LIGHT_PREPASS_OFF pd= ok=1
Cmd: compileSnippet
  api=0 type=1 insize=62214 outsize=6 kw=LIGHTMAP_OFF DIRLIGHTMAP_OFF DYNAMICLIGHTMAP_OFF UNITY_HDR_ON GEOM_TYPE_FROND pd= ok=1
Cmd: compileSnippet
  api=0 type=1 insize=62214 outsize=6 kw=LIGHTMAP_OFF DIRLIGHTMAP_COMBINED DYNAMICLIGHTMAP_ON GEOM_TYPE_LEAF HDR_LIGHT_PREPASS_OFF pd= ok=1
Cmd: compileSnippet
  api=0 type=1 insize=62214 outsize=6 kw=LIGHTMAP_OFF DIRLIGHTMAP_OFF DYNAMICLIGHTMAP_OFF LOD_FADE_PERCENTAGE GEOM_TYPE_BRANCH HDR_LIGHT_PREPASS_OFF pd= ok=1
Cmd: compileSnippet
  api=0 type=1 insize=62214 outsize=6 kw=LIGHTMAP_OFF DIRLIGHTMAP_OFF DYNAMICLIGHTMAP_OFF LOD_FADE_PERCENTAGE GEOM_TYPE_FROND HDR_LIGHT_PREPASS_OFF pd= ok=1
Cmd: compileSnippet
  api=0 type=1 insize=62214 outsize=6 kw=LIGHTMAP_OFF DIRLIGHTMAP_OFF DYNAMICLIGHTMAP_OFF LOD_FADE_PERCENTAGE GEOM_TYPE_LEAF HDR_LIGHT_PREPASS_OFF pd= ok=1
Cmd: compileSnippet
  api=0 type=0 insize=1078 outsize=2309 kw=SHADOWS_DEPTH GEOM_TYPE_FROND pd= ok=1
Cmd: compileSnippet
  api=0 type=0 insize=1078 outsize=638 kw=SHADOWS_CUBE LOD_FADE_PERCENTAGE GEOM_TYPE_BRANCH pd= ok=1
Cmd: compileSnippet
  api=0 type=0 insize=1078 outsize=930 kw=SHADOWS_CUBE LOD_FADE_PERCENTAGE GEOM_TYPE_FROND pd= ok=1
Cmd: compileSnippet
  api=0 type=1 insize=1078 outsize=6 kw=SHADOWS_DEPTH GEOM_TYPE_FROND pd= ok=1
Cmd: compileSnippet
  api=0 type=1 insize=1078 outsize=6 kw=SHADOWS_DEPTH LOD_FADE_PERCENTAGE GEOM_TYPE_BRANCH pd= ok=1
Cmd: compileSnippet
  api=0 type=1 insize=1078 outsize=6 kw=SHADOWS_DEPTH LOD_FADE_PERCENTAGE GEOM_TYPE_LEAF pd= ok=1
Cmd: compileSnippet
  api=0 type=0 insize=1111 outsize=2976 kw=GEOM_TYPE_LEAF pd= ok=1
Cmd: compileSnippet
  api=0 type=1 insize=1111 outsize=6 kw=GEOM_TYPE_LEAF pd= ok=1
Cmd: compileSnippet
  api=0 type=1 insize=1111 outsize=6 kw=LOD_FADE_PERCENTAGE GEOM_TYPE_LEAF pd= ok=1
Cmd: compileSnippet
  api=0 type=0 insize=117493 outsize=7328 kw=DIRECTIONAL SHADOWS_SCREEN LIGHTMAP_OFF DIRLIGHTMAP_OFF DYNAMICLIGHTMAP_OFF VERTEXLIGHT_ON pd= ok=1
Cmd: compileSnippet
  api=0 type=0 insize=117493 outsize=7899 kw=DIRECTIONAL SHADOWS_SCREEN LIGHTMAP_OFF DIRLIGHTMAP_OFF DYNAMICLIGHTMAP_OFF VERTEXLIGHT_ON EFFECT_HUE_VARIATION pd= ok=1
Cmd: compileSnippet
  api=0 type=0 insize=117493 outsize=8605 kw=DIRECTIONAL SHADOWS_SCREEN LIGHTMAP_OFF DIRLIGHTMAP_OFF DYNAMICLIGHTMAP_OFF VERTEXLIGHT_ON EFFECT_BUMP pd= ok=1
Cmd: compileSnippet
  api=0 type=0 insize=117493 outsize=7118 kw=DIRECTIONAL SHADOWS_OFF LIGHTMAP_OFF DIRLIGHTMAP_OFF DYNAMICLIGHTMAP_OFF BILLBOARD_FACE_CAMERA_POS pd= ok=1
Cmd: compileSnippet
  api=0 type=0 insize=117493 outsize=8831 kw=DIRECTIONAL SHADOWS_SCREEN LIGHTMAP_OFF DIRLIGHTMAP_OFF DYNAMICLIGHTMAP_OFF VERTEXLIGHT_ON BILLBOARD_FACE_CAMERA_POS pd= ok=1
Cmd: compileSnippet
  api=0 type=0 insize=117493 outsize=9402 kw=DIRECTIONAL SHADOWS_SCREEN LIGHTMAP_OFF DIRLIGHTMAP_OFF DYNAMICLIGHTMAP_OFF VERTEXLIGHT_ON EFFECT_HUE_VARIATION BILLBOARD_FACE_CAMERA_POS pd= ok=1
Cmd: compileSnippet
  api=0 type=0 insize=117493 outsize=9482 kw=DIRECTIONAL SHADOWS_SCREEN LIGHTMAP_OFF DIRLIGHTMAP_OFF DYNAMICLIGHTMAP_OFF EFFECT_BUMP EFFECT_HUE_VARIATION BILLBOARD_FACE_CAMERA_POS pd= ok=1
Cmd: compileSnippet
  api=0 type=0 insize=117493 outsize=6975 kw=DIRECTIONAL SHADOWS_SCREEN LIGHTMAP_OFF DIRLIGHTMAP_OFF DYNAMICLIGHTMAP_OFF LOD_FADE_CROSSFADE pd= ok=1
Cmd: compileSnippet
  api=0 type=0 insize=117493 outsize=7101 kw=DIRECTIONAL SHADOWS_OFF LIGHTMAP_OFF DIRLIGHTMAP_OFF DYNAMICLIGHTMAP_OFF LOD_FADE_CROSSFADE EFFECT_HUE_VARIATION pd= ok=1
Cmd: compileSnippet
  api=0 type=0 insize=117493 outsize=7857 kw=DIRECTIONAL SHADOWS_OFF LIGHTMAP_OFF DIRLIGHTMAP_OFF DYNAMICLIGHTMAP_OFF LOD_FADE_CROSSFADE EFFECT_BUMP pd= ok=1
Cmd: compileSnippet
  api=0 type=0 insize=117493 outsize=9494 kw=DIRECTIONAL SHADOWS_SCREEN LIGHTMAP_OFF DIRLIGHTMAP_OFF DYNAMICLIGHTMAP_OFF VERTEXLIGHT_ON LOD_FADE_CROSSFADE EFFECT_BUMP pd= ok=1
Cmd: compileSnippet
  api=0 type=0 insize=117493 outsize=8034 kw=DIRECTIONAL SHADOWS_OFF LIGHTMAP_OFF DIRLIGHTMAP_OFF DYNAMICLIGHTMAP_OFF LOD_FADE_CROSSFADE BILLBOARD_FACE_CAMERA_POS pd= ok=1
Cmd: compileSnippet
  api=0 type=0 insize=117493 outsize=9715 kw=DIRECTIONAL SHADOWS_SCREEN LIGHTMAP_OFF DIRLIGHTMAP_OFF DYNAMICLIGHTMAP_OFF VERTEXLIGHT_ON LOD_FADE_CROSSFADE BILLBOARD_FACE_CAMERA_POS pd= ok=1
Cmd: compileSnippet
  api=0 type=0 insize=117493 outsize=10287 kw=DIRECTIONAL SHADOWS_SCREEN LIGHTMAP_OFF DIRLIGHTMAP_OFF DYNAMICLIGHTMAP_OFF VERTEXLIGHT_ON LOD_FADE_CROSSFADE EFFECT_HUE_VARIATION BILLBOARD_FACE_CAMERA_POS pd= ok=1
Cmd: compileSnippet
  api=0 type=0 insize=117493 outsize=10989 kw=DIRECTIONAL SHADOWS_SCREEN LIGHTMAP_OFF DIRLIGHTMAP_OFF DYNAMICLIGHTMAP_OFF VERTEXLIGHT_ON LOD_FADE_CROSSFADE EFFECT_BUMP BILLBOARD_FACE_CAMERA_POS pd= ok=1
Cmd: compileSnippet
  api=0 type=1 insize=117493 outsize=6 kw=DIRECTIONAL SHADOWS_SCREEN LIGHTMAP_OFF DIRLIGHTMAP_OFF DYNAMICLIGHTMAP_OFF pd= ok=1
Cmd: compileSnippet
  api=0 type=1 insize=117493 outsize=6 kw=DIRECTIONAL SHADOWS_SCREEN LIGHTMAP_OFF DIRLIGHTMAP_OFF DYNAMICLIGHTMAP_OFF EFFECT_BUMP EFFECT_HUE_VARIATION pd= ok=1
Cmd: compileSnippet
  api=0 type=1 insize=117493 outsize=6 kw=DIRECTIONAL SHADOWS_OFF LIGHTMAP_OFF DIRLIGHTMAP_OFF DYNAMICLIGHTMAP_OFF EFFECT_BUMP BILLBOARD_FACE_CAMERA_POS pd= ok=1
Cmd: compileSnippet
  api=0 type=1 insize=117493 outsize=6 kw=DIRECTIONAL SHADOWS_SCREEN LIGHTMAP_OFF DIRLIGHTMAP_OFF DYNAMICLIGHTMAP_OFF LOD_FADE_CROSSFADE pd= ok=1
Cmd: compileSnippet
  api=0 type=1 insize=117493 outsize=6 kw=DIRECTIONAL SHADOWS_SCREEN LIGHTMAP_OFF DIRLIGHTMAP_OFF DYNAMICLIGHTMAP_OFF LOD_FADE_CROSSFADE EFFECT_BUMP pd= ok=1
Cmd: compileSnippet
  api=0 type=1 insize=117493 outsize=6 kw=DIRECTIONAL SHADOWS_SCREEN LIGHTMAP_OFF DIRLIGHTMAP_OFF DYNAMICLIGHTMAP_OFF LOD_FADE_CROSSFADE BILLBOARD_FACE_CAMERA_POS pd= ok=1
Cmd: compileSnippet
  api=0 type=1 insize=117493 outsize=6 kw=DIRECTIONAL SHADOWS_OFF LIGHTMAP_OFF DIRLIGHTMAP_OFF DYNAMICLIGHTMAP_OFF LOD_FADE_CROSSFADE EFFECT_BUMP BILLBOARD_FACE_CAMERA_POS pd= ok=1
Cmd: compileSnippet
  api=0 type=0 insize=74037 outsize=4737 kw=DIRECTIONAL pd= ok=1
Cmd: compileSnippet
  api=0 type=0 insize=74037 outsize=4968 kw=DIRECTIONAL_COOKIE pd= ok=1
Cmd: compileSnippet
  api=0 type=0 insize=74037 outsize=5714 kw=POINT_COOKIE EFFECT_HUE_VARIATION pd= ok=1
Cmd: compileSnippet
  api=0 type=0 insize=74037 outsize=6486 kw=SPOT EFFECT_BUMP pd= ok=1
Cmd: compileSnippet
  api=0 type=0 insize=74037 outsize=7055 kw=SPOT EFFECT_BUMP EFFECT_HUE_VARIATION pd= ok=1
Cmd: compileSnippet
  api=0 type=0 insize=74037 outsize=6239 kw=DIRECTIONAL BILLBOARD_FACE_CAMERA_POS pd= ok=1
Cmd: compileSnippet
  api=0 type=0 insize=74037 outsize=7133 kw=POINT EFFECT_HUE_VARIATION BILLBOARD_FACE_CAMERA_POS pd= ok=1
Cmd: compileSnippet
  api=0 type=0 insize=74037 outsize=7029 kw=DIRECTIONAL_COOKIE EFFECT_HUE_VARIATION BILLBOARD_FACE_CAMERA_POS pd= ok=1
Cmd: compileSnippet
  api=0 type=0 insize=74037 outsize=7924 kw=POINT_COOKIE EFFECT_BUMP BILLBOARD_FACE_CAMERA_POS pd= ok=1
Cmd: compileSnippet
  api=0 type=0 insize=74037 outsize=8491 kw=POINT_COOKIE EFFECT_BUMP EFFECT_HUE_VARIATION BILLBOARD_FACE_CAMERA_POS pd= ok=1
Cmd: compileSnippet
  api=0 type=0 insize=74037 outsize=6062 kw=POINT_COOKIE LOD_FADE_CROSSFADE pd= ok=1
Cmd: compileSnippet
  api=0 type=0 insize=74037 outsize=6689 kw=SPOT LOD_FADE_CROSSFADE EFFECT_HUE_VARIATION pd= ok=1
Cmd: compileSnippet
  api=0 type=0 insize=74037 outsize=7403 kw=SPOT LOD_FADE_CROSSFADE EFFECT_BUMP pd= ok=1
Cmd: compileSnippet
  api=0 type=0 insize=74037 outsize=7493 kw=DIRECTIONAL LOD_FADE_CROSSFADE EFFECT_BUMP EFFECT_HUE_VARIATION pd= ok=1
Cmd: compileSnippet
  api=0 type=0 insize=74037 outsize=7481 kw=POINT LOD_FADE_CROSSFADE BILLBOARD_FACE_CAMERA_POS pd= ok=1
Cmd: compileSnippet
  api=0 type=0 insize=74037 outsize=7564 kw=POINT_COOKIE LOD_FADE_CROSSFADE BILLBOARD_FACE_CAMERA_POS pd= ok=1
Cmd: compileSnippet
  api=0 type=0 insize=74037 outsize=8133 kw=POINT_COOKIE LOD_FADE_CROSSFADE EFFECT_HUE_VARIATION BILLBOARD_FACE_CAMERA_POS pd= ok=1
Cmd: compileSnippet
  api=0 type=0 insize=74037 outsize=8416 kw=DIRECTIONAL LOD_FADE_CROSSFADE EFFECT_BUMP BILLBOARD_FACE_CAMERA_POS pd= ok=1
Cmd: compileSnippet
  api=0 type=0 insize=74037 outsize=9326 kw=POINT LOD_FADE_CROSSFADE EFFECT_BUMP EFFECT_HUE_VARIATION BILLBOARD_FACE_CAMERA_POS pd= ok=1
Cmd: compileSnippet
  api=0 type=0 insize=74037 outsize=9222 kw=DIRECTIONAL_COOKIE LOD_FADE_CROSSFADE EFFECT_BUMP EFFECT_HUE_VARIATION BILLBOARD_FACE_CAMERA_POS pd= ok=1
Cmd: compileSnippet
  api=0 type=1 insize=74037 outsize=6 kw=POINT_COOKIE pd= ok=1
Cmd: compileSnippet
  api=0 type=1 insize=74037 outsize=6 kw=SPOT EFFECT_HUE_VARIATION pd= ok=1
Cmd: compileSnippet
  api=0 type=1 insize=74037 outsize=6 kw=DIRECTIONAL EFFECT_BUMP pd= ok=1
Cmd: compileSnippet
  api=0 type=1 insize=74037 outsize=6 kw=POINT EFFECT_BUMP EFFECT_HUE_VARIATION pd= ok=1
Cmd: compileSnippet
  api=0 type=1 insize=74037 outsize=6 kw=DIRECTIONAL_COOKIE EFFECT_BUMP EFFECT_HUE_VARIATION pd= ok=1
Cmd: compileSnippet
  api=0 type=1 insize=74037 outsize=6 kw=POINT_COOKIE BILLBOARD_FACE_CAMERA_POS pd= ok=1
Cmd: compileSnippet
  api=0 type=1 insize=74037 outsize=6 kw=DIRECTIONAL EFFECT_HUE_VARIATION BILLBOARD_FACE_CAMERA_POS pd= ok=1
Cmd: compileSnippet
  api=0 type=1 insize=74037 outsize=6 kw=DIRECTIONAL EFFECT_BUMP BILLBOARD_FACE_CAMERA_POS pd= ok=1
Cmd: compileSnippet
  api=0 type=1 insize=74037 outsize=6 kw=SPOT EFFECT_BUMP EFFECT_HUE_VARIATION BILLBOARD_FACE_CAMERA_POS pd= ok=1
Cmd: compileSnippet
  api=0 type=1 insize=74037 outsize=6 kw=DIRECTIONAL LOD_FADE_CROSSFADE pd= ok=1
Cmd: compileSnippet
  api=0 type=1 insize=74037 outsize=6 kw=POINT LOD_FADE_CROSSFADE EFFECT_HUE_VARIATION pd= ok=1
Cmd: compileSnippet
  api=0 type=1 insize=74037 outsize=6 kw=DIRECTIONAL_COOKIE LOD_FADE_CROSSFADE EFFECT_HUE_VARIATION pd= ok=1
Cmd: compileSnippet
  api=0 type=1 insize=74037 outsize=6 kw=DIRECTIONAL LOD_FADE_CROSSFADE EFFECT_BUMP pd= ok=1
Cmd: compileSnippet
  api=0 type=1 insize=74037 outsize=6 kw=POINT LOD_FADE_CROSSFADE EFFECT_BUMP EFFECT_HUE_VARIATION pd= ok=1
Cmd: compileSnippet
  api=0 type=1 insize=74037 outsize=6 kw=DIRECTIONAL_COOKIE LOD_FADE_CROSSFADE EFFECT_BUMP EFFECT_HUE_VARIATION pd= ok=1
Cmd: compileSnippet
  api=0 type=1 insize=74037 outsize=6 kw=POINT LOD_FADE_CROSSFADE EFFECT_HUE_VARIATION BILLBOARD_FACE_CAMERA_POS pd= ok=1
Cmd: compileSnippet
  api=0 type=1 insize=74037 outsize=6 kw=SPOT LOD_FADE_CROSSFADE EFFECT_HUE_VARIATION BILLBOARD_FACE_CAMERA_POS pd= ok=1
Cmd: compileSnippet
  api=0 type=1 insize=74037 outsize=6 kw=DIRECTIONAL_COOKIE LOD_FADE_CROSSFADE EFFECT_BUMP BILLBOARD_FACE_CAMERA_POS pd= ok=1
Cmd: compileSnippet
  api=0 type=1 insize=74037 outsize=6 kw=SPOT LOD_FADE_CROSSFADE EFFECT_BUMP EFFECT_HUE_VARIATION BILLBOARD_FACE_CAMERA_POS pd= ok=1
Cmd: compileSnippet
  api=0 type=0 insize=64232 outsize=5776 kw=EFFECT_BUMP pd= ok=1
Cmd: compileSnippet
  api=0 type=0 insize=64232 outsize=7270 kw=EFFECT_BUMP BILLBOARD_FACE_CAMERA_POS pd= ok=1
Cmd: compileSnippet
  api=0 type=0 insize=64232 outsize=6678 kw=LOD_FADE_CROSSFADE EFFECT_BUMP pd= ok=1
Cmd: compileSnippet
  api=0 type=0 insize=64232 outsize=8172 kw=LOD_FADE_CROSSFADE EFFECT_BUMP BILLBOARD_FACE_CAMERA_POS pd= ok=1
Cmd: compileSnippet
  api=0 type=1 insize=64232 outsize=6 kw=EFFECT_HUE_VARIATION pd= ok=1
Cmd: compileSnippet
  api=0 type=1 insize=64232 outsize=6 kw=EFFECT_BUMP BILLBOARD_FACE_CAMERA_POS pd= ok=1
Cmd: compileSnippet
  api=0 type=1 insize=64232 outsize=6 kw=LOD_FADE_CROSSFADE EFFECT_BUMP pd= ok=1
Cmd: compileSnippet
  api=0 type=1 insize=64232 outsize=6 kw=LOD_FADE_CROSSFADE EFFECT_BUMP EFFECT_HUE_VARIATION BILLBOARD_FACE_CAMERA_POS pd= ok=1
Cmd: compileSnippet
  api=0 type=0 insize=101075 outsize=6003 kw=LIGHTMAP_OFF DIRLIGHTMAP_OFF DYNAMICLIGHTMAP_OFF UNITY_HDR_ON pd= ok=1
Cmd: compileSnippet
  api=0 type=0 insize=101075 outsize=5967 kw=LIGHTMAP_OFF DIRLIGHTMAP_OFF DYNAMICLIGHTMAP_OFF EFFECT_BUMP HDR_LIGHT_PREPASS_OFF pd= ok=1
Cmd: compileSnippet
  api=0 type=0 insize=101075 outsize=7470 kw=LIGHTMAP_OFF DIRLIGHTMAP_OFF DYNAMICLIGHTMAP_OFF HDR_LIGHT_PREPASS_OFF BILLBOARD_FACE_CAMERA_POS pd= ok=1
Cmd: compileSnippet
  api=0 type=0 insize=101075 outsize=7470 kw=LIGHTMAP_OFF DIRLIGHTMAP_OFF DYNAMICLIGHTMAP_OFF EFFECT_BUMP HDR_LIGHT_PREPASS_OFF BILLBOARD_FACE_CAMERA_POS pd= ok=1
Cmd: compileSnippet
  api=0 type=0 insize=101075 outsize=6837 kw=LIGHTMAP_OFF DIRLIGHTMAP_OFF DYNAMICLIGHTMAP_OFF LOD_FADE_CROSSFADE HDR_LIGHT_PREPASS_OFF pd= ok=1
Cmd: compileSnippet
  api=0 type=0 insize=101075 outsize=6837 kw=LIGHTMAP_OFF DIRLIGHTMAP_OFF DYNAMICLIGHTMAP_OFF LOD_FADE_CROSSFADE EFFECT_BUMP HDR_LIGHT_PREPASS_OFF pd= ok=1
Cmd: compileSnippet
  api=0 type=0 insize=101075 outsize=8340 kw=LIGHTMAP_OFF DIRLIGHTMAP_OFF DYNAMICLIGHTMAP_OFF LOD_FADE_CROSSFADE HDR_LIGHT_PREPASS_OFF BILLBOARD_FACE_CAMERA_POS pd= ok=1
Cmd: compileSnippet
  api=0 type=0 insize=101075 outsize=8340 kw=LIGHTMAP_OFF DIRLIGHTMAP_OFF DYNAMICLIGHTMAP_OFF LOD_FADE_CROSSFADE EFFECT_BUMP HDR_LIGHT_PREPASS_OFF BILLBOARD_FACE_CAMERA_POS pd= ok=1
Cmd: compileSnippet
  api=0 type=1 insize=101075 outsize=6 kw=LIGHTMAP_OFF DIRLIGHTMAP_OFF DYNAMICLIGHTMAP_OFF UNITY_HDR_ON pd= ok=1
Cmd: compileSnippet
  api=0 type=1 insize=101075 outsize=6 kw=LIGHTMAP_OFF DIRLIGHTMAP_OFF DYNAMICLIGHTMAP_OFF UNITY_HDR_ON EFFECT_BUMP pd= ok=1
Cmd: compileSnippet
  api=0 type=1 insize=101075 outsize=6 kw=LIGHTMAP_OFF DIRLIGHTMAP_OFF DYNAMICLIGHTMAP_OFF HDR_LIGHT_PREPASS_OFF BILLBOARD_FACE_CAMERA_POS pd= ok=1
Cmd: compileSnippet
  api=0 type=1 insize=101075 outsize=6 kw=LIGHTMAP_OFF DIRLIGHTMAP_OFF DYNAMICLIGHTMAP_OFF UNITY_HDR_ON EFFECT_BUMP BILLBOARD_FACE_CAMERA_POS pd= ok=1
Cmd: compileSnippet
  api=0 type=1 insize=101075 outsize=6 kw=LIGHTMAP_OFF DIRLIGHTMAP_OFF DYNAMICLIGHTMAP_OFF UNITY_HDR_ON LOD_FADE_CROSSFADE EFFECT_HUE_VARIATION pd= ok=1
Cmd: compileSnippet
  api=0 type=1 insize=101075 outsize=6 kw=LIGHTMAP_OFF DIRLIGHTMAP_OFF DYNAMICLIGHTMAP_OFF UNITY_HDR_ON LOD_FADE_CROSSFADE EFFECT_BUMP pd= ok=1
Cmd: compileSnippet
  api=0 type=1 insize=101075 outsize=6 kw=LIGHTMAP_OFF DIRLIGHTMAP_OFF DYNAMICLIGHTMAP_OFF UNITY_HDR_ON LOD_FADE_CROSSFADE BILLBOARD_FACE_CAMERA_POS pd= ok=1
Cmd: compileSnippet
  api=0 type=1 insize=101075 outsize=6 kw=LIGHTMAP_OFF DIRLIGHTMAP_OFF DYNAMICLIGHTMAP_OFF UNITY_HDR_ON LOD_FADE_CROSSFADE EFFECT_BUMP BILLBOARD_FACE_CAMERA_POS pd= ok=1
Cmd: compileSnippet
  api=0 type=0 insize=109459 outsize=5778 kw=LIGHTMAP_OFF DIRLIGHTMAP_COMBINED DYNAMICLIGHTMAP_ON HDR_LIGHT_PREPASS_OFF pd= ok=1
Cmd: compileSnippet
  api=0 type=0 insize=109459 outsize=6348 kw=LIGHTMAP_OFF DIRLIGHTMAP_COMBINED DYNAMICLIGHTMAP_ON EFFECT_HUE_VARIATION HDR_LIGHT_PREPASS_OFF pd= ok=1
Cmd: compileSnippet
  api=0 type=0 insize=109459 outsize=7250 kw=LIGHTMAP_OFF DIRLIGHTMAP_OFF DYNAMICLIGHTMAP_OFF EFFECT_BUMP HDR_LIGHT_PREPASS_OFF pd= ok=1
Cmd: compileSnippet
  api=0 type=0 insize=109459 outsize=7864 kw=LIGHTMAP_OFF DIRLIGHTMAP_COMBINED DYNAMICLIGHTMAP_ON EFFECT_BUMP EFFECT_HUE_VARIATION HDR_LIGHT_PREPASS_OFF pd= ok=1
Cmd: compileSnippet
  api=0 type=0 insize=109459 outsize=7433 kw=LIGHTMAP_OFF DIRLIGHTMAP_OFF DYNAMICLIGHTMAP_OFF HDR_LIGHT_PREPASS_OFF BILLBOARD_FACE_CAMERA_POS pd= ok=1
Cmd: compileSnippet
  api=0 type=0 insize=109459 outsize=7816 kw=LIGHTMAP_OFF DIRLIGHTMAP_COMBINED DYNAMICLIGHTMAP_ON EFFECT_HUE_VARIATION HDR_LIGHT_PREPASS_OFF BILLBOARD_FACE_CAMERA_POS pd= ok=1
Cmd: compileSnippet
  api=0 type=0 insize=109459 outsize=8745 kw=LIGHTMAP_OFF DIRLIGHTMAP_OFF DYNAMICLIGHTMAP_OFF EFFECT_BUMP HDR_LIGHT_PREPASS_OFF BILLBOARD_FACE_CAMERA_POS pd= ok=1
Cmd: compileSnippet
  api=0 type=0 insize=109459 outsize=9324 kw=LIGHTMAP_OFF DIRLIGHTMAP_COMBINED DYNAMICLIGHTMAP_ON EFFECT_BUMP EFFECT_HUE_VARIATION HDR_LIGHT_PREPASS_OFF BILLBOARD_FACE_CAMERA_POS pd= ok=1
Cmd: compileSnippet
  api=0 type=0 insize=109459 outsize=7418 kw=LIGHTMAP_OFF DIRLIGHTMAP_OFF DYNAMICLIGHTMAP_OFF LOD_FADE_CROSSFADE EFFECT_HUE_VARIATION HDR_LIGHT_PREPASS_OFF pd= ok=1
Cmd: compileSnippet
  api=0 type=0 insize=109459 outsize=8209 kw=LIGHTMAP_OFF DIRLIGHTMAP_COMBINED DYNAMICLIGHTMAP_ON LOD_FADE_CROSSFADE EFFECT_BUMP HDR_LIGHT_PREPASS_OFF pd= ok=1
Cmd: compileSnippet
  api=0 type=0 insize=109459 outsize=8783 kw=LIGHTMAP_OFF DIRLIGHTMAP_COMBINED DYNAMICLIGHTMAP_ON LOD_FADE_CROSSFADE EFFECT_BUMP EFFECT_HUE_VARIATION HDR_LIGHT_PREPASS_OFF pd= ok=1
Cmd: compileSnippet
  api=0 type=0 insize=109459 outsize=8349 kw=LIGHTMAP_OFF DIRLIGHTMAP_OFF DYNAMICLIGHTMAP_OFF LOD_FADE_CROSSFADE HDR_LIGHT_PREPASS_OFF BILLBOARD_FACE_CAMERA_POS pd= ok=1
Cmd: compileSnippet
  api=0 type=0 insize=109459 outsize=8731 kw=LIGHTMAP_OFF DIRLIGHTMAP_COMBINED DYNAMICLIGHTMAP_ON LOD_FADE_CROSSFADE EFFECT_HUE_VARIATION HDR_LIGHT_PREPASS_OFF BILLBOARD_FACE_CAMERA_POS pd= ok=1
Cmd: compileSnippet
  api=0 type=0 insize=109459 outsize=9669 kw=LIGHTMAP_OFF DIRLIGHTMAP_COMBINED DYNAMICLIGHTMAP_ON LOD_FADE_CROSSFADE EFFECT_BUMP HDR_LIGHT_PREPASS_OFF BILLBOARD_FACE_CAMERA_POS pd= ok=1
Cmd: compileSnippet
  api=0 type=0 insize=109459 outsize=10243 kw=LIGHTMAP_OFF DIRLIGHTMAP_COMBINED DYNAMICLIGHTMAP_ON LOD_FADE_CROSSFADE EFFECT_BUMP EFFECT_HUE_VARIATION HDR_LIGHT_PREPASS_OFF BILLBOARD_FACE_CAMERA_POS pd= ok=1
Cmd: compileSnippet
  api=0 type=1 insize=109459 outsize=6 kw=LIGHTMAP_OFF DIRLIGHTMAP_COMBINED DYNAMICLIGHTMAP_ON UNITY_HDR_ON pd= ok=1
Cmd: compileSnippet
  api=0 type=1 insize=109459 outsize=6 kw=LIGHTMAP_OFF DIRLIGHTMAP_OFF DYNAMICLIGHTMAP_OFF UNITY_HDR_ON EFFECT_HUE_VARIATION pd= ok=1
Cmd: compileSnippet
  api=0 type=1 insize=109459 outsize=6 kw=LIGHTMAP_OFF DIRLIGHTMAP_OFF DYNAMICLIGHTMAP_OFF UNITY_HDR_ON EFFECT_BUMP pd= ok=1
Cmd: compileSnippet
  api=0 type=1 insize=109459 outsize=6 kw=LIGHTMAP_OFF DIRLIGHTMAP_OFF DYNAMICLIGHTMAP_OFF UNITY_HDR_ON EFFECT_BUMP EFFECT_HUE_VARIATION pd= ok=1
Cmd: compileSnippet
  api=0 type=1 insize=109459 outsize=6 kw=LIGHTMAP_OFF DIRLIGHTMAP_OFF DYNAMICLIGHTMAP_OFF HDR_LIGHT_PREPASS_OFF BILLBOARD_FACE_CAMERA_POS pd= ok=1
Cmd: compileSnippet
  api=0 type=1 insize=109459 outsize=6 kw=LIGHTMAP_OFF DIRLIGHTMAP_COMBINED DYNAMICLIGHTMAP_ON EFFECT_HUE_VARIATION HDR_LIGHT_PREPASS_OFF BILLBOARD_FACE_CAMERA_POS pd= ok=1
Cmd: compileSnippet
  api=0 type=1 insize=109459 outsize=6 kw=LIGHTMAP_OFF DIRLIGHTMAP_COMBINED DYNAMICLIGHTMAP_ON UNITY_HDR_ON EFFECT_BUMP BILLBOARD_FACE_CAMERA_POS pd= ok=1
Cmd: compileSnippet
  api=0 type=1 insize=109459 outsize=6 kw=LIGHTMAP_OFF DIRLIGHTMAP_COMBINED DYNAMICLIGHTMAP_ON UNITY_HDR_ON EFFECT_BUMP EFFECT_HUE_VARIATION BILLBOARD_FACE_CAMERA_POS pd= ok=1
Cmd: compileSnippet
  api=0 type=1 insize=109459 outsize=6 kw=LIGHTMAP_OFF DIRLIGHTMAP_OFF DYNAMICLIGHTMAP_OFF LOD_FADE_CROSSFADE EFFECT_HUE_VARIATION HDR_LIGHT_PREPASS_OFF pd= ok=1
Cmd: compileSnippet
  api=0 type=1 insize=109459 outsize=6 kw=LIGHTMAP_OFF DIRLIGHTMAP_OFF DYNAMICLIGHTMAP_OFF UNITY_HDR_ON LOD_FADE_CROSSFADE EFFECT_HUE_VARIATION pd= ok=1
Cmd: compileSnippet
  api=0 type=1 insize=109459 outsize=6 kw=LIGHTMAP_OFF DIRLIGHTMAP_OFF DYNAMICLIGHTMAP_OFF LOD_FADE_CROSSFADE EFFECT_BUMP EFFECT_HUE_VARIATION HDR_LIGHT_PREPASS_OFF pd= ok=1
Cmd: compileSnippet
  api=0 type=1 insize=109459 outsize=6 kw=LIGHTMAP_OFF DIRLIGHTMAP_OFF DYNAMICLIGHTMAP_OFF LOD_FADE_CROSSFADE HDR_LIGHT_PREPASS_OFF BILLBOARD_FACE_CAMERA_POS pd= ok=1
Cmd: compileSnippet
  api=0 type=1 insize=109459 outsize=6 kw=LIGHTMAP_OFF DIRLIGHTMAP_COMBINED DYNAMICLIGHTMAP_ON UNITY_HDR_ON LOD_FADE_CROSSFADE BILLBOARD_FACE_CAMERA_POS pd= ok=1
Cmd: compileSnippet
  api=0 type=1 insize=109459 outsize=6 kw=LIGHTMAP_OFF DIRLIGHTMAP_COMBINED DYNAMICLIGHTMAP_ON LOD_FADE_CROSSFADE EFFECT_BUMP HDR_LIGHT_PREPASS_OFF BILLBOARD_FACE_CAMERA_POS pd= ok=1
Cmd: compileSnippet
  api=0 type=1 insize=109459 outsize=6 kw=LIGHTMAP_OFF DIRLIGHTMAP_COMBINED DYNAMICLIGHTMAP_ON LOD_FADE_CROSSFADE EFFECT_BUMP EFFECT_HUE_VARIATION HDR_LIGHT_PREPASS_OFF BILLBOARD_FACE_CAMERA_POS pd= ok=1
Cmd: compileSnippet
  api=0 type=0 insize=1171 outsize=8457 kw=BILLBOARD_FACE_CAMERA_POS pd= ok=1
Cmd: compileSnippet
  api=0 type=0 insize=1171 outsize=9419 kw=LOD_FADE_CROSSFADE BILLBOARD_FACE_CAMERA_POS pd= ok=1
Cmd: compileSnippet
  api=0 type=1 insize=1171 outsize=6 kw=BILLBOARD_FACE_CAMERA_POS pd= ok=1
Cmd: compileSnippet
  api=0 type=1 insize=1171 outsize=6 kw=LOD_FADE_CROSSFADE EFFECT_HUE_VARIATION BILLBOARD_FACE_CAMERA_POS pd= ok=1
Cmd: compileSnippet
  api=0 type=0 insize=14124 outsize=5662 kw=DIRECTIONAL SHADOWS_SCREEN LIGHTMAP_OFF DIRLIGHTMAP_OFF DYNAMICLIGHTMAP_OFF VERTEXLIGHT_ON pd= ok=1
Cmd: compileSnippet
  api=0 type=0 insize=14124 outsize=6935 kw=DIRECTIONAL SHADOWS_SCREEN LIGHTMAP_OFF DIRLIGHTMAP_OFF DYNAMICLIGHTMAP_OFF VERTEXLIGHT_ON EFFECT_BUMP pd= ok=1
Cmd: compileSnippet
  api=0 type=1 insize=14124 outsize=6 kw=DIRECTIONAL SHADOWS_SCREEN LIGHTMAP_OFF DIRLIGHTMAP_OFF DYNAMICLIGHTMAP_OFF EFFECT_BUMP pd= ok=1
Cmd: compileSnippet
  api=0 type=0 insize=8743 outsize=3478 kw=POINT_COOKIE pd= ok=1
Cmd: compileSnippet
  api=0 type=0 insize=8743 outsize=4338 kw=DIRECTIONAL EFFECT_BUMP pd= ok=1
Cmd: compileSnippet
  api=0 type=0 insize=8743 outsize=4569 kw=DIRECTIONAL_COOKIE EFFECT_BUMP pd= ok=1
Cmd: compileSnippet
  api=0 type=1 insize=8743 outsize=6 kw=POINT_COOKIE pd= ok=1
Cmd: compileSnippet
  api=0 type=1 insize=8743 outsize=6 kw=SPOT EFFECT_BUMP pd= ok=1
Cmd: compileSnippet
  api=0 type=0 insize=12127 outsize=4329 kw=LIGHTMAP_OFF DIRLIGHTMAP_OFF DYNAMICLIGHTMAP_OFF UNITY_HDR_ON EFFECT_BUMP pd= ok=1
Cmd: compileSnippet
  api=0 type=1 insize=12127 outsize=6 kw=LIGHTMAP_OFF DIRLIGHTMAP_OFF DYNAMICLIGHTMAP_OFF UNITY_HDR_ON EFFECT_BUMP pd= ok=1
Cmd: compileSnippet
  api=0 type=0 insize=13225 outsize=3995 kw=LIGHTMAP_OFF DIRLIGHTMAP_COMBINED DYNAMICLIGHTMAP_ON UNITY_HDR_ON pd= ok=1
Cmd: compileSnippet
  api=0 type=0 insize=13225 outsize=5617 kw=LIGHTMAP_OFF DIRLIGHTMAP_COMBINED DYNAMICLIGHTMAP_ON EFFECT_BUMP HDR_LIGHT_PREPASS_OFF pd= ok=1
Cmd: compileSnippet
  api=0 type=1 insize=13225 outsize=6 kw=LIGHTMAP_OFF DIRLIGHTMAP_COMBINED DYNAMICLIGHTMAP_ON UNITY_HDR_ON pd= ok=1
Cmd: compileSnippet
  api=0 type=1 insize=13225 outsize=6 kw=LIGHTMAP_OFF DIRLIGHTMAP_OFF DYNAMICLIGHTMAP_OFF UNITY_HDR_ON EFFECT_BUMP pd= ok=1
Cmd: compileSnippet
  api=0 type=0 insize=9538 outsize=5713 kw=WATER_SIMPLE WATER_VERTEX_DISPLACEMENT_ON WATER_EDGEBLEND_ON pd= ok=1
Cmd: compileSnippet
  api=0 type=1 insize=9538 outsize=6 kw=WATER_SIMPLE WATER_VERTEX_DISPLACEMENT_ON WATER_EDGEBLEND_ON pd= ok=1
Cmd: compileSnippet
  api=0 type=1 insize=9538 outsize=6 kw=WATER_SIMPLE WATER_VERTEX_DISPLACEMENT_OFF WATER_EDGEBLEND_ON pd= ok=1
Cmd: compileSnippet
  api=0 type=0 insize=9540 outsize=4572 kw=WATER_SIMPLE WATER_VERTEX_DISPLACEMENT_ON WATER_EDGEBLEND_OFF pd= ok=1
Cmd: compileSnippet
  api=0 type=0 insize=9540 outsize=2840 kw=WATER_REFLECTIVE WATER_VERTEX_DISPLACEMENT_OFF WATER_EDGEBLEND_OFF pd= ok=1
Cmd: compileSnippet
  api=0 type=1 insize=9540 outsize=6 kw=WATER_SIMPLE WATER_VERTEX_DISPLACEMENT_ON WATER_EDGEBLEND_OFF pd= ok=1
Cmd: compileSnippet
  api=0 type=1 insize=9540 outsize=6 kw=WATER_REFLECTIVE WATER_VERTEX_DISPLACEMENT_OFF WATER_EDGEBLEND_OFF pd= ok=1
End of pipe

Quitting shader compiler process
